"File: debug.c       Assembler  Version HGASM0202      Page 1


   1  0000              ; Generated by holtek-gcc v3.19, Tue Apr 05 13:18:21 2022
   2  0000              ; 
   3  0000              ; Configuration:
   4  0000              ;       with long instruction
   5  0000              ;       Single ROM, Multi-RAM
   6  0000              ;       bits_per_rom_unit:16
   7  0000              ;       with mp1
   8  0000              ;       with tbhp, address(0x9)
   9  0000              ;          Use tabrd-const
  10  0000              ;       
  11  0000              ; SFR address of long-instruction arch:
  12  0000              ;    mp0 = -1,1,0
  13  0000              ;    mp1 = 4,3,2
  14  0000              ;    mp2 = 14,13,12
  15  0000              ;    tbp = 9,7,8
  16  0000              ;    acc = 5
  17  0000              ;    pcl = 6
  18  0000              ;    status = 10
  19  0000              ;    bp = 11
  20  0000              ;    intc = 17
  21  0000              ;       
  22  0000              ;       
  23  0000              ; use 'tabrdc' instead of 'tabrd'
  24  0000              ;       
  25  0000              
  26  0000              #pragma translator "holtek-gcc 4.6.4" "3.19" "build 20130711"
  27  0000              ; Rebuild 718
  28  0000              
  29  0000              ir equ [2]
  30  0000              mp equ [3]
  31  0000              sbp equ [4]
  32  0000              acc equ [5]
  33  0000              bp equ [11]
  34  0000              tblp equ [7]
  35  0000              tbhp equ [9]
  36  0000              status equ [10]
  37  0000              c equ [10].0
  38  0000              ac equ [10].1
  39  0000              z equ [10].2
  40  0000              ov equ [10].3
  41  0000              cz equ [10].6
  42  0000              sc equ [10].7
  43  0000              intc equ [17]
  44  0000              
  45  0000              extern ra:byte
  46  0000              extern rb:byte
  47  0000              extern rc:byte
  48  0000              extern rd:byte
  49  0000              extern re:byte
  50  0000              extern rf:byte
  51  0000              extern rg:byte
  52  0000              extern rh:byte
  53  0000              extern _Crom2Prom:near
  54  0000              extern _Crom2PromNext:near
  55  0000              
  56  0000              RAMBANK 0 @BITDATASEC, @BITDATASEC1
  57  0000              @HCCINIT	.section 'data'
  58  0000              @HCCINIT0	.section 'data'
  59  0000              @BITDATASEC	 .section 'data'
"File: debug.ASM     Assembler  Version HGASM0202      Page 2

  60  0000              @BITDATASEC1	 .section 'data'
  61  0000              
  62  0000              #pragma debug scope 1 1
  63  0000              	extern __DELAY3:near
  64  0000              	extern __DELAYX3:near
  65  0000              	extern __DELAYX6:near
  66  0000              	extern __DELAYY5:near
  67  0000              	extern __DELAYY3:near
  68  0000              	extern _builtin_holtek_delay_2:byte
  69  0000              ___ucr1 equ [86]
  70  0000              ___usr equ [85]
  71  0000              ___txr_rxr equ [89]
  72  0000              public _putchar
  73  0000              #pragma debug scope 2 1

   4  0000              #line 4 "d:\projects\bldc fan\remote fan final to production\global(longway)1\debug.c"
   4  0000              _putchar .section 'code'
   4  0000              _putchar proc
   4  0000  00              local _putchar_2 db 1 dup(?)	; 0,1
   4  0000  0080     R  	mov _putchar_2[0],a
   4  0001              #pragma debug variable 8 2 _putchar_2+0 "data"
   6  0001              #line 6 "d:\projects\bldc fan\remote fan final to production\global(longway)1\debug.c"
   6  0001  3456        	clr [86].0
   6  0002              _L2:
   7  0002              #line 7 "d:\projects\bldc fan\remote fan final to production\global(longway)1\debug.c"
   7  0002  3C55        	sz [85].0
   7  0003  2800     R  	jmp _L7
   9  0004              #line 9 "d:\projects\bldc fan\remote fan final to production\global(longway)1\debug.c"
   9  0004              ;# 9 "d:\projects\bldc fan\remote fan final to production\global(longway)1\debug.c" 1
   9  0004  0000        	nop
   9  0005  2800     R  	jmp _L2
   9  0006              _L7:
  11  0006              #line 11 "d:\projects\bldc fan\remote fan final to production\global(longway)1\debug.c"
  11  0006  0700     R  	mov a,_putchar_2[0]
  11  0007  00D9        	mov [89],a
  13  0008              #line 13 "d:\projects\bldc fan\remote fan final to production\global(longway)1\debug.c"
  13  0008  2800     R  	jmp _L4
  13  0009              _L5:
  15  0009              #line 15 "d:\projects\bldc fan\remote fan final to production\global(longway)1\debug.c"
  15  0009              ;# 15 "d:\projects\bldc fan\remote fan final to production\global(longway)1\debug.c" 1
  15  0009  0000        	nop
  15  000A              _L4:
  13  000A              #line 13 "d:\projects\bldc fan\remote fan final to production\global(longway)1\debug.c"
  13  000A  38D5        	snz [85].1
  13  000B  2800     R  	jmp _L5
  13  000C  0003        	ret
  13  000D              _putchar endp
  13  000D              #line 13 "d:\projects\bldc fan\remote fan final to production\global(longway)1\debug.c"
  13  000D              #pragma debug scope 1 1
  13  000D              public _reverse
  13  000D              #pragma debug scope 3 1
  55  000D              #line 55 "d:\projects\bldc fan\remote fan final to production\global(longway)1\debug.c"
  55  0000              _reverse .section 'code'
  55  0000              _reverse proc
  55  0000              public _reverse_2
  55  0000  0006[           local _reverse_2 db 6 dup(?)	; 4,2
            00
            ]
  55  0006              #pragma debug pointer 42 8 3
  55  0006              #pragma debug pointer 42 8 3
"File: debug.c       Assembler  Version HGASM0202      Page 3

  55  0006              #pragma debug variable 42 3 _reverse_2+0 "str"
  55  0006              #pragma debug variable 11 3 _reverse_2+2 "length"
  57  0006              #line 57 "d:\projects\bldc fan\remote fan final to production\global(longway)1\debug.c"
  57  0000  0FFF        	mov a,255
  57  0001  0300     R  	add a,_reverse_2[2]
  57  0002  0080     E  	mov rb,a
  57  0003  0FFF        	mov a,255
  57  0004  1300     R  	adc a,_reverse_2[3]
  57  0005  0080     E  	mov rc,a
  56  0006              #line 56 "d:\projects\bldc fan\remote fan final to production\global(longway)1\debug.c"
  56  0006  1F00     E  	clr rd
  56  0007  1F00     E  	clr re
  58  0008              #line 58 "d:\projects\bldc fan\remote fan final to production\global(longway)1\debug.c"
  58  0008  2800     R  	jmp _L9
  58  0009              _L10:
  58  0009  0700     E  	mov a,rd
  58  000A  0300     R  	add a,_reverse_2[0]
  58  000B  0080     E  	mov rf,a
  58  000C  0700     E  	mov a,re
  58  000D  1300     R  	adc a,_reverse_2[1]
  58  000E  0080     E  	mov rg,a
  58  000F              #pragma debug scope 4 3
  58  000F              ;begin block, line: 58.-1
  58  000F              #pragma debug scope 5 4
  58  000F              ;begin block, line: 58.-1
  69  000F              #line 69 "d:\projects\bldc fan\remote fan final to production\global(longway)1\debug.c"
  69  000F  0700     E  	mov a,rf
  69  0010  0083        	mov mp,a
  69  0011  0700     E  	mov a,rg
  69  0012  0084        	mov sbp,a
  69  0013  2000     E  	call _Crom2Prom
  69  0014  0080     E  	mov rh,a
  69  0015  0700     E  	mov a,rb
  69  0016  0300     R  	add a,_reverse_2[0]
  69  0017  0080     R  	mov _reverse_2[4],a
  69  0018  0700     E  	mov a,rc
  69  0019  1300     R  	adc a,_reverse_2[1]
  69  001A  0080     R  	mov _reverse_2[5],a
  70  001B              #line 70 "d:\projects\bldc fan\remote fan final to production\global(longway)1\debug.c"
  70  001B  0700     R  	mov a,_reverse_2[4]
  70  001C  0083        	mov mp,a
  70  001D  0700     R  	mov a,_reverse_2[5]
  70  001E  0084        	mov sbp,a
  70  001F  2000     E  	call _Crom2Prom
  70  0020  0080     E  	mov ra,a
  70  0021  0700     E  	mov a,rf
  70  0022  0083        	mov mp,a
  70  0023  0700     E  	mov a,rg
  70  0024  0084        	mov sbp,a
  70  0025  0700     E  	mov a,ra
  70  0026  0082        	mov ir,a
  71  0027              #line 71 "d:\projects\bldc fan\remote fan final to production\global(longway)1\debug.c"
  71  0027  0700     R  	mov a,_reverse_2[4]
  71  0028  0083        	mov mp,a
  71  0029  0700     R  	mov a,_reverse_2[5]
  71  002A  0084        	mov sbp,a
  71  002B  0700     E  	mov a,rh
  71  002C  0082        	mov ir,a
  71  002D              #pragma debug scope 4 3
  71  002D              #pragma debug scope 3 1
"File: debug.c       Assembler  Version HGASM0202      Page 4

  62  002D              #line 62 "d:\projects\bldc fan\remote fan final to production\global(longway)1\debug.c"
  62  002D  1480     E  	inc rd
  62  002E  3D0A        	sz z
  62  002F  1480     E  	inc re
  63  0030              #line 63 "d:\projects\bldc fan\remote fan final to production\global(longway)1\debug.c"
  63  0030  0FFF        	mov a,255
  63  0031  0380     E  	addm a,rb
  63  0032  0FFF        	mov a,255
  63  0033  1380     E  	adcm a,rc
  63  0034              _L9:
  58  0034              #line 58 "d:\projects\bldc fan\remote fan final to production\global(longway)1\debug.c"
  58  0034  0700     E  	mov a,rd
  58  0035  0200     E  	sub a,rb
  58  0036  0700     E  	mov a,re
  58  0037  1200     E  	sbc a,rc
  58  0038  3F8A        	sz sc
  58  0039  2800     R  	jmp _L10
  58  003A  0003        	ret
  58  003B              _reverse endp
  58  003B              #line 58 "d:\projects\bldc fan\remote fan final to production\global(longway)1\debug.c"
  58  003B              #pragma debug scope 1 1
  58  003B              public _itoa
  58  003B              #pragma debug scope 6 1
  20  003B              #line 20 "d:\projects\bldc fan\remote fan final to production\global(longway)1\debug.c"
  20  0000              _itoa .section 'code'
  20  0000              _itoa proc
  20  0000              public _itoa_2
  20  0000  0008[           local _itoa_2 db 8 dup(?)	; 6,2
            00
            ]
  20  0008              #pragma debug variable 14 6 _itoa_2+0 "num"
  20  0008              #pragma debug pointer 43 8 6
  20  0008              #pragma debug pointer 43 8 6
  20  0008              #pragma debug variable 43 6 _itoa_2+4 "str"
  25  0008              #line 25 "d:\projects\bldc fan\remote fan final to production\global(longway)1\debug.c"
  25  0000  0700     R  	mov a,_itoa_2[0]
  25  0001  0500     R  	or a,_itoa_2[1]
  25  0002  0500     R  	or a,_itoa_2[2]
  25  0003  0500     R  	or a,_itoa_2[3]
  25  0004  390A        	snz z
  25  0005  2800     R  	jmp _L12
  27  0006              #line 27 "d:\projects\bldc fan\remote fan final to production\global(longway)1\debug.c"
  27  0006  0700     R  	mov a,_itoa_2[4]
  27  0007  0083        	mov mp,a
  27  0008  0700     R  	mov a,_itoa_2[5]
  27  0009  0084        	mov sbp,a
  27  000A  0F30        	mov a,48
  27  000B  0082        	mov ir,a
  28  000C              #line 28 "d:\projects\bldc fan\remote fan final to production\global(longway)1\debug.c"
  28  000C  0F01        	mov a,1
  28  000D  0300     R  	add a,_itoa_2[4]
  28  000E  0083        	mov mp,a
  28  000F  0F00        	mov a,0
  28  0010  1300     R  	adc a,_itoa_2[5]
  28  0011  0084        	mov sbp,a
  28  0012  0F00        	mov a,0
  28  0013  0082        	mov ir,a
  29  0014              #line 29 "d:\projects\bldc fan\remote fan final to production\global(longway)1\debug.c"
  29  0014  2800     R  	jmp _L13
  29  0015              _L12:
"File: debug.c       Assembler  Version HGASM0202      Page 5

  25  0015              #line 25 "d:\projects\bldc fan\remote fan final to production\global(longway)1\debug.c"
  25  0015  1F00     E  	clr rb
  25  0016  1F00     E  	clr rc
  25  0017              _L15:
  25  0017              #pragma debug scope 7 6
  25  0017              ;begin block, line: 25.-1
  38  0017              #line 38 "d:\projects\bldc fan\remote fan final to production\global(longway)1\debug.c"
  38  0017  1480     E  	inc rb
  38  0018  3D0A        	sz z
  38  0019  1480     E  	inc rc
  38  001A  0700     E  	mov a,rb
  38  001B  0300     R  	add a,_itoa_2[4]
  38  001C  0080     R  	mov _itoa_2[6],a
  38  001D  0700     E  	mov a,rc
  38  001E  1300     R  	adc a,_itoa_2[5]
  38  001F  0080     R  	mov _itoa_2[7],a
  37  0020              #line 37 "d:\projects\bldc fan\remote fan final to production\global(longway)1\debug.c"
  37  0020  1F00     E  	clr _builtin_holtek_udivmodsi4_2[12]
  37  0021  0700     R  	mov a,_itoa_2[0]  
  37  0022  0080     E  	mov _builtin_holtek_udivmodsi4_2[0],a  
  37  0023  0700     R  	mov a,_itoa_2[1]  
  37  0024  0080     E  	mov _builtin_holtek_udivmodsi4_2[1],a
  37  0025  0700     R  	mov a,_itoa_2[2]  
  37  0026  0080     E  	mov _builtin_holtek_udivmodsi4_2[2],a  
  37  0027  0700     R  	mov a,_itoa_2[3]  
  37  0028  0080     E  	mov _builtin_holtek_udivmodsi4_2[3],a
  37  0029  0F0A        	mov a,10  
  37  002A  0080     E  	mov _builtin_holtek_udivmodsi4_2[4],a  
  37  002B  0F00        	mov a,0  
  37  002C  0080     E  	mov _builtin_holtek_udivmodsi4_2[5],a
  37  002D  1F00     E  	clr _builtin_holtek_udivmodsi4_2[6]
  37  002E  1F00     E  	clr _builtin_holtek_udivmodsi4_2[7]
  37  002F  2000     E  	call _builtin_holtek_udivmodsi4
  37  0030  0700     E  	mov a,_builtin_holtek_udivmodsi4_2[8]  
  37  0031  0080     E  	mov rd,a  
  37  0032  0700     E  	mov a,_builtin_holtek_udivmodsi4_2[9]  
  37  0033  0080     E  	mov re,a
  37  0034  0700     E  	mov a,_builtin_holtek_udivmodsi4_2[10] 
  37  0035  0080     E  	mov rf,a  
  37  0036  0700     E  	mov a,_builtin_holtek_udivmodsi4_2[11] 
  37  0037  0080     E  	mov rg,a
  38  0038              #line 38 "d:\projects\bldc fan\remote fan final to production\global(longway)1\debug.c"
  38  0038  0700     E  	mov a,rd
  38  0039  0B30        	add a,48
  38  003A  0080     E  	mov ra,a
  38  003B  0FFF        	mov a,255
  38  003C  0300     R  	add a,_itoa_2[6]
  38  003D  0083        	mov mp,a
  38  003E  0FFF        	mov a,255
  38  003F  1300     R  	adc a,_itoa_2[7]
  38  0040  0084        	mov sbp,a
  38  0041  0700     E  	mov a,ra
  38  0042  0082        	mov ir,a
  39  0043              #line 39 "d:\projects\bldc fan\remote fan final to production\global(longway)1\debug.c"
  39  0043  1F00     E  	clr _builtin_holtek_udivmodsi4_2[12]
  39  0044  0700     R  	mov a,_itoa_2[0]  
  39  0045  0080     E  	mov _builtin_holtek_udivmodsi4_2[0],a  
  39  0046  0700     R  	mov a,_itoa_2[1]  
  39  0047  0080     E  	mov _builtin_holtek_udivmodsi4_2[1],a
  39  0048  0700     R  	mov a,_itoa_2[2]  
"File: debug.c       Assembler  Version HGASM0202      Page 6

  39  0049  0080     E  	mov _builtin_holtek_udivmodsi4_2[2],a  
  39  004A  0700     R  	mov a,_itoa_2[3]  
  39  004B  0080     E  	mov _builtin_holtek_udivmodsi4_2[3],a
  39  004C  0F0A        	mov a,10  
  39  004D  0080     E  	mov _builtin_holtek_udivmodsi4_2[4],a  
  39  004E  0F00        	mov a,0  
  39  004F  0080     E  	mov _builtin_holtek_udivmodsi4_2[5],a
  39  0050  1F00     E  	clr _builtin_holtek_udivmodsi4_2[6]
  39  0051  1F00     E  	clr _builtin_holtek_udivmodsi4_2[7]
  39  0052  2000     E  	call _builtin_holtek_udivmodsi4
  39  0053  0700     E  	mov a,_builtin_holtek_udivmodsi4_2[0]  
  39  0054  0080     E  	mov rd,a  
  39  0055  0700     E  	mov a,_builtin_holtek_udivmodsi4_2[1]  
  39  0056  0080     E  	mov re,a
  39  0057  0700     E  	mov a,_builtin_holtek_udivmodsi4_2[2]  
  39  0058  0080     E  	mov rf,a  
  39  0059  0700     E  	mov a,_builtin_holtek_udivmodsi4_2[3]  
  39  005A  0080     E  	mov rg,a
  39  005B  0700     E  	mov a,rd
  39  005C  0080     R  	mov _itoa_2[0],a
  39  005D  0700     E  	mov a,re
  39  005E  0080     R  	mov _itoa_2[1],a
  39  005F  0700     E  	mov a,rf
  39  0060  0080     R  	mov _itoa_2[2],a
  39  0061  0700     E  	mov a,rg
  39  0062  0080     R  	mov _itoa_2[3],a
  39  0063              #pragma debug scope 6 1
  35  0063              #line 35 "d:\projects\bldc fan\remote fan final to production\global(longway)1\debug.c"
  35  0063  0700     E  	mov a,rd
  35  0064  0500     E  	or a,re
  35  0065  0500     E  	or a,rf
  35  0066  0500     E  	or a,rg
  35  0067  390A        	snz z
  35  0068  2800     R  	jmp _L15
  44  0069              #line 44 "d:\projects\bldc fan\remote fan final to production\global(longway)1\debug.c"
  44  0069  0700     E  	mov a,rb
  44  006A  0300     R  	add a,_itoa_2[4]
  44  006B  0083        	mov mp,a
  44  006C  0700     E  	mov a,rc
  44  006D  1300     R  	adc a,_itoa_2[5]
  44  006E  0084        	mov sbp,a
  44  006F  0F00        	mov a,0
  44  0070  0082        	mov ir,a
  47  0071              #line 47 "d:\projects\bldc fan\remote fan final to production\global(longway)1\debug.c"
  47  0071  0700     E  	mov a,rb
  47  0072  0080     R  	mov _reverse_2[2],a
  47  0073  0700     E  	mov a,rc
  47  0074  0080     R  	mov _reverse_2[3],a
  47  0075  0700     R  	mov a,_itoa_2[4]
  47  0076  0080     R  	mov _reverse_2[0],a
  47  0077  0700     R  	mov a,_itoa_2[5]
  47  0078  0080     R  	mov _reverse_2[1],a
  47  0079  2000     R  	call _reverse
  47  007A              _L13:
  50  007A              #line 50 "d:\projects\bldc fan\remote fan final to production\global(longway)1\debug.c"
  50  007A  0700     R  	mov a,_itoa_2[4]
  50  007B  0080     E  	mov ra,a
  50  007C  0700     R  	mov a,_itoa_2[5]
  50  007D  0080     E  	mov rb,a
  50  007E  0003        	ret
"File: debug.c       Assembler  Version HGASM0202      Page 7

  50  007F              _itoa endp
  50  007F              #line 50 "d:\projects\bldc fan\remote fan final to production\global(longway)1\debug.c"
  50  007F              #pragma debug scope 1 1
  50  007F              public _swap
  50  007F              #pragma debug scope 8 1
  68  007F              #line 68 "d:\projects\bldc fan\remote fan final to production\global(longway)1\debug.c"
  68  0000              _swap .section 'code'
  68  0000              _swap proc
  68  0000              public _swap_2
  68  0000  0004[           local _swap_2 db 4 dup(?)	; 4,0
            00
            ]
  68  0004              #pragma debug pointer 44 8 8
  68  0004              #pragma debug pointer 44 8 8
  68  0004              #pragma debug variable 44 8 _swap_2+0 "xp"
  68  0004              #pragma debug variable 44 8 _swap_2+2 "yp"
  69  0004              #line 69 "d:\projects\bldc fan\remote fan final to production\global(longway)1\debug.c"
  69  0000  0700     R  	mov a,_swap_2[0]
  69  0001  0080     E  	mov rb,a
  69  0002  0700     R  	mov a,_swap_2[1]
  69  0003  0080     E  	mov rc,a
  69  0004  0700     E  	mov a,rb
  69  0005  0083        	mov mp,a
  69  0006  0700     E  	mov a,rc
  69  0007  0084        	mov sbp,a
  69  0008  2000     E  	call _Crom2Prom
  69  0009  0080     E  	mov ra,a
  70  000A              #line 70 "d:\projects\bldc fan\remote fan final to production\global(longway)1\debug.c"
  70  000A  0700     R  	mov a,_swap_2[2]
  70  000B  0083        	mov mp,a
  70  000C  0700     R  	mov a,_swap_2[3]
  70  000D  0084        	mov sbp,a
  70  000E  2000     E  	call _Crom2Prom
  70  000F  0080     E  	mov rd,a
  70  0010  0700     E  	mov a,rb
  70  0011  0083        	mov mp,a
  70  0012  0700     E  	mov a,rc
  70  0013  0084        	mov sbp,a
  70  0014  0700     E  	mov a,rd
  70  0015  0082        	mov ir,a
  71  0016              #line 71 "d:\projects\bldc fan\remote fan final to production\global(longway)1\debug.c"
  71  0016  0700     R  	mov a,_swap_2[2]
  71  0017  0083        	mov mp,a
  71  0018  0700     R  	mov a,_swap_2[3]
  71  0019  0084        	mov sbp,a
  71  001A  0700     E  	mov a,ra
  71  001B  0082        	mov ir,a
  71  001C  0003        	ret
  71  001D              _swap endp
  71  001D              #line 71 "d:\projects\bldc fan\remote fan final to production\global(longway)1\debug.c"
  71  001D              #pragma debug scope 1 1
  71  001D              public _putUart1Int
  71  001D              #pragma debug scope 9 1
  77  001D              #line 77 "d:\projects\bldc fan\remote fan final to production\global(longway)1\debug.c"
  77  0000              _putUart1Int .section 'code'
  77  0000              _putUart1Int proc
  77  0000              public _putUart1Int_2
  77  0000  000F[           local _putUart1Int_2 db 15 dup(?)	; 4,11
            00
            ]
"File: debug.c       Assembler  Version HGASM0202      Page 8

  77  000F              #pragma debug variable 14 9 _putUart1Int_2+0 "value"
  77  000F              #pragma debug array 45 8 10 9
  77  000F              #pragma debug array 45 8 10 9
  77  000F              #pragma debug variable 45 9 _putUart1Int_2+4 "d"
  77  000F              #pragma debug variable 8 9 _putUart1Int_2+14 "i"
  80  000F              #line 80 "d:\projects\bldc fan\remote fan final to production\global(longway)1\debug.c"
  80  0000  0F00     R  	mov a,low offset _putUart1Int_2
  80  0001  0080     E  	mov ra,a
  80  0002  0F00     R  	mov a,high offset _putUart1Int_2
  80  0003  0080     E  	mov rb,a
  80  0004  0F04        	mov a,4
  80  0005  0300     E  	add a,ra
  80  0006  0080     R  	mov _itoa_2[4],a
  80  0007  0F00        	mov a,0
  80  0008  1300     E  	adc a,rb
  80  0009  0080     R  	mov _itoa_2[5],a
  80  000A  0700     R  	mov a,_putUart1Int_2[0]
  80  000B  0080     R  	mov _itoa_2[0],a
  80  000C  0700     R  	mov a,_putUart1Int_2[1]
  80  000D  0080     R  	mov _itoa_2[1],a
  80  000E  0700     R  	mov a,_putUart1Int_2[2]
  80  000F  0080     R  	mov _itoa_2[2],a
  80  0010  0700     R  	mov a,_putUart1Int_2[3]
  80  0011  0080     R  	mov _itoa_2[3],a
  80  0012  2000     R  	call _itoa
  78  0013              #line 78 "d:\projects\bldc fan\remote fan final to production\global(longway)1\debug.c"
  78  0013  1F00     R  	clr _putUart1Int_2[14]
  78  0014              _L18:
  83  0014              #line 83 "d:\projects\bldc fan\remote fan final to production\global(longway)1\debug.c"
  83  0014  0F00     R  	mov a,low offset _putUart1Int_2
  83  0015  0080     E  	mov rb,a
  83  0016  0F00     R  	mov a,high offset _putUart1Int_2
  83  0017  0080     E  	mov rc,a
  83  0018  0F04        	mov a,4
  83  0019  0380     E  	addm a,rb
  83  001A  0F00        	mov a,0
  83  001B  1380     E  	adcm a,rc
  83  001C  0700     R  	mov a,_putUart1Int_2[14]
  83  001D  0300     E  	add a,rb
  83  001E  0083        	mov mp,a
  83  001F  1F05        	clr acc
  83  0020  1300     E  	adc a,rc
  83  0021  0084        	mov sbp,a
  83  0022  2000     E  	call _Crom2Prom
  83  0023  0080     E  	mov ra,a
  83  0024  1E00     E  	snz ra
  83  0025  2800     R  	jmp _L20
  87  0026              #line 87 "d:\projects\bldc fan\remote fan final to production\global(longway)1\debug.c"
  87  0026  0700     E  	mov a,ra
  87  0027  2000     R  	call _putchar
  89  0028              #line 89 "d:\projects\bldc fan\remote fan final to production\global(longway)1\debug.c"
  89  0028  1480     R  	inc _putUart1Int_2[14]
  89  0029  2800     R  	jmp _L18
  89  002A              _L20:
  93  002A              #line 93 "d:\projects\bldc fan\remote fan final to production\global(longway)1\debug.c"
  93  002A  0F0D        	mov a,13
  93  002B  2000     R  	call _putchar
  94  002C              #line 94 "d:\projects\bldc fan\remote fan final to production\global(longway)1\debug.c"
  94  002C  0F0A        	mov a,10
  94  002D  2000     R  	call _putchar
"File: debug.c       Assembler  Version HGASM0202      Page 9

  94  002E  0003        	ret
  94  002F              _putUart1Int endp
  94  002F              #line 94 "d:\projects\bldc fan\remote fan final to production\global(longway)1\debug.c"
  94  002F              #pragma debug scope 1 1
  94  002F              public _uart1_put_value
  94  002F              #pragma debug scope 10 1
 100  002F              #line 100 "d:\projects\bldc fan\remote fan final to production\global(longway)1\debug.c"
 100  0000              _uart1_put_value .section 'code'
 100  0000              _uart1_put_value proc
 100  0000              public _uart1_put_value_2
 100  0000  0007[           local _uart1_put_value_2 db 7 dup(?)	; 6,1
            00
            ]
 100  0007              #pragma debug pointer 46 7 10
 100  0007              #pragma debug pointer 46 7 10
 100  0007              #pragma debug variable 46 10 _uart1_put_value_2+0 "msg"
 100  0007              #pragma debug variable 14 10 _uart1_put_value_2+2 "value"
 100  0007              #pragma debug variable 8 10 _uart1_put_value_2+6 "i"
 101  0007              #line 101 "d:\projects\bldc fan\remote fan final to production\global(longway)1\debug.c"
 101  0000  1F00     R  	clr _uart1_put_value_2[6]
 101  0001              _L22:
 102  0001              #line 102 "d:\projects\bldc fan\remote fan final to production\global(longway)1\debug.c"
 102  0001  0700     R  	mov a,_uart1_put_value_2[6]
 102  0002  0300     R  	add a,_uart1_put_value_2[0]
 102  0003  0083        	mov mp,a
 102  0004  1F05        	clr acc
 102  0005  1300     R  	adc a,_uart1_put_value_2[1]
 102  0006  0084        	mov sbp,a
 102  0007  2000     E  	call _Crom2Prom
 102  0008  0080     E  	mov ra,a
 102  0009  1E00     E  	snz ra
 102  000A  2800     R  	jmp _L24
 105  000B              #line 105 "d:\projects\bldc fan\remote fan final to production\global(longway)1\debug.c"
 105  000B  1480     R  	inc _uart1_put_value_2[6]
 105  000C  0700     E  	mov a,ra
 105  000D  2000     R  	call _putchar
 105  000E  2800     R  	jmp _L22
 105  000F              _L24:
 109  000F              #line 109 "d:\projects\bldc fan\remote fan final to production\global(longway)1\debug.c"
 109  000F  0700     R  	mov a,_uart1_put_value_2[2]
 109  0010  0080     R  	mov _putUart1Int_2[0],a
 109  0011  0700     R  	mov a,_uart1_put_value_2[3]
 109  0012  0080     R  	mov _putUart1Int_2[1],a
 109  0013  0700     R  	mov a,_uart1_put_value_2[4]
 109  0014  0080     R  	mov _putUart1Int_2[2],a
 109  0015  0700     R  	mov a,_uart1_put_value_2[5]
 109  0016  0080     R  	mov _putUart1Int_2[3],a
 109  0017  2000     R  	call _putUart1Int
 109  0018  0003        	ret
 109  0019              _uart1_put_value endp
 109  0019              #line 109 "d:\projects\bldc fan\remote fan final to production\global(longway)1\debug.c"
 109  0019              #pragma debug scope 1 1
 109  0019              #pragma debug struct_end
 109  0019              #pragma debug struct_end
 109  0019              #pragma debug union_end
 109  0019              #pragma debug union_end
 109  0019              #pragma debug variable 48 1 ___usr "__usr" 1
 109  0019              #pragma debug struct_end
 109  0019              #pragma debug struct_end
 109  0019              #pragma debug union_end
"File: debug.c       Assembler  Version HGASM0202      Page 10

 109  0019              #pragma debug union_end
 109  0019              #pragma debug variable 50 1 ___ucr1 "__ucr1" 1
 109  0019              #pragma debug struct_end
 109  0019              #pragma debug struct_end
 109  0019              #pragma debug union_end
 109  0019              #pragma debug union_end
 109  0019              #pragma debug variable 52 1 ___txr_rxr "__txr_rxr" 1
 109  0019              extern _builtin_holtek_udivmodsi4_2:byte
 109  0019              extern _builtin_holtek_udivmodsi4:near
 109  0019              
 109  0019              ; 
 109  0019              ; Generated by holtek-gcc v3.19, Tue Apr 05 13:18:21 2022
 109  0019              ; Rebuild 718
 109  0019              ; end of file


        0 Errors, 0