"File: irRemote.c    Assembler  Version HGASM0202      Page 1


   1  0000              ; Generated by holtek-gcc v3.19, Tue Jan 04 10:13:28 2022
   2  0000              ; 
   3  0000              ; Configuration:
   4  0000              ;       with long instruction
   5  0000              ;       Single ROM, Multi-RAM
   6  0000              ;       bits_per_rom_unit:16
   7  0000              ;       with mp1
   8  0000              ;       with tbhp, address(0x9)
   9  0000              ;          Use tabrd-const
  10  0000              ;       
  11  0000              ; SFR address of long-instruction arch:
  12  0000              ;    mp0 = -1,1,0
  13  0000              ;    mp1 = 4,3,2
  14  0000              ;    mp2 = 14,13,12
  15  0000              ;    tbp = 9,7,8
  16  0000              ;    acc = 5
  17  0000              ;    pcl = 6
  18  0000              ;    status = 10
  19  0000              ;    bp = 11
  20  0000              ;    intc = 17
  21  0000              ;       
  22  0000              ;       
  23  0000              ; use 'tabrdc' instead of 'tabrd'
  24  0000              ;       
  25  0000              
  26  0000              #pragma translator "holtek-gcc 4.6.4" "3.19" "build 20130711"
  27  0000              ; Rebuild 718
  28  0000              
  29  0000              ir equ [2]
  30  0000              mp equ [3]
  31  0000              sbp equ [4]
  32  0000              acc equ [5]
  33  0000              bp equ [11]
  34  0000              tblp equ [7]
  35  0000              tbhp equ [9]
  36  0000              status equ [10]
  37  0000              c equ [10].0
  38  0000              ac equ [10].1
  39  0000              z equ [10].2
  40  0000              ov equ [10].3
  41  0000              cz equ [10].6
  42  0000              sc equ [10].7
  43  0000              intc equ [17]
  44  0000              
  45  0000              extern ra:byte
  46  0000              extern rb:byte
  47  0000              extern rc:byte
  48  0000              extern rd:byte
  49  0000              extern re:byte
  50  0000              extern rf:byte
  51  0000              extern rg:byte
  52  0000              extern rh:byte
  53  0000              extern _Crom2Prom:near
  54  0000              extern _Crom2PromNext:near
  55  0000              
  56  0000              RAMBANK 0 @BITDATASEC, @BITDATASEC1
  57  0000              @HCCINIT	.section 'data'
  58  0000              @HCCINIT0	.section 'data'
  59  0000              @BITDATASEC	 .section 'data'
"File: irRemote.ASM  Assembler  Version HGASM0202      Page 2

  60  0000              @BITDATASEC1	 .section 'data'
  61  0000              
  62  0000              #pragma debug scope 1 1
  63  0000              	extern __DELAY3:near
  64  0000              	extern __DELAYX3:near
  65  0000              	extern __DELAYX6:near
  66  0000              	extern __DELAYY5:near
  67  0000              	extern __DELAYY3:near
  68  0000              	extern _builtin_holtek_delay_2:byte
  69  0000              ___stmc0 equ [47]
  70  0000              ___stmdh equ [50]
  71  0000              ___stmdl equ [49]
  72  0000              ___intc2 equ [19]
  73  0000              public _INT1_ISR
  74  0000              #pragma debug scope 2 1

  36  0000              #line 36 "c:\users\christon\downloads\projects\remote fan\remote fan\global(longway)\irRemote.c"
  36  0000              @INT1_ISR_code .section at 36 'code'
  36  0000              ifdef INTERRUPT_DELAY
  36  0000              	nop
  36  0000              endif
  36  0000  0080     E  	mov r1,a
  36  0001  070A        	mov a,status
  36  0002              ifndef INTERRUPT_DELAY
  36  0002  0080     E  	mov r2,a
  36  0003              endif
  36  0003  2800     R  	jmp _INT1_ISR
  36  0004              #pragma debug scope 1 1
  36  0004              @dummy36 endp
  36  0004              #pragma debug scope 3 1
  36  0000              _INT1_ISR .section 'code'
  36  0000              _INT1_ISR proc
  36  0000              ifdef INTERRUPT_DELAY
  36  0000              	mov r2,a
  36  0000              endif
  36  0000  0703        	mov a,mp
  36  0001  0080     E  	mov r3,a
  36  0002  0704        	mov a,sbp
  36  0003  0080     E  	mov r4,a
  37  0004              #line 37 "c:\users\christon\downloads\projects\remote fan\remote fan\global(longway)\irRemote.c"
  37  0004  35AF        	clr [47].3
  38  0005              #line 38 "c:\users\christon\downloads\projects\remote fan\remote fan\global(longway)\irRemote.c"
  38  0005  0732        	mov a,[50]
  38  0006  0080     R  	mov _timerCount[1],a
  39  0007              #line 39 "c:\users\christon\downloads\projects\remote fan\remote fan\global(longway)\irRemote.c"
  39  0007  0731        	mov a,[49]
  39  0008  0080     R  	mov _timerCount[0],a
  41  0009              #line 41 "c:\users\christon\downloads\projects\remote fan\remote fan\global(longway)\irRemote.c"
  41  0009  31AF        	set [47].3
  45  000A              #line 45 "c:\users\christon\downloads\projects\remote fan\remote fan\global(longway)\irRemote.c"
  45  000A  0700     R  	mov a,_irDataStage[0]
  45  000B  0A00        	sub a,0
  45  000C  3D0A        	sz z
  45  000D  2800     R  	jmp _L3
  45  000E  0A01        	sub a,(1)-(0)
  45  000F  3D0A        	sz z
  45  0010  2800     R  	jmp _L4
  45  0011              #line 45 "c:\users\christon\downloads\projects\remote fan\remote fan\global(longway)\irRemote.c"
  45  0011  0700     R  	mov a,_irDataStage[0]
  45  0012  0A02        	sub a,2
"File: irRemote.c    Assembler  Version HGASM0202      Page 3

  45  0013  390A        	snz z
  45  0014  2800     R  	jmp _L1
  45  0015  2800     R  	jmp _L10
  45  0016              _L3:
  55  0016              #line 55 "c:\users\christon\downloads\projects\remote fan\remote fan\global(longway)\irRemote.c"
  55  0016  0FCF        	mov a,207
  55  0017  0300     R  	add a,_timerCount[0]
  55  0018  0080     E  	mov rb,a
  55  0019  0FEE        	mov a,238
  55  001A  1300     R  	adc a,_timerCount[1]
  55  001B  0080     E  	mov rc,a
  55  001C  0F56        	mov a,86
  55  001D  0200     E  	sub a,rb
  55  001E  0F02        	mov a,2
  55  001F  1200     E  	sbc a,rc
  55  0020  380A        	snz c
  55  0021  2800     R  	jmp _L1
  57  0022              #line 57 "c:\users\christon\downloads\projects\remote fan\remote fan\global(longway)\irRemote.c"
  57  0022  0F01        	mov a,1
  57  0023  0080     R  	mov _irDataStage[0],a
  57  0024  2800     R  	jmp _L1
  57  0025              _L4:
  65  0025              #line 65 "c:\users\christon\downloads\projects\remote fan\remote fan\global(longway)\irRemote.c"
  65  0025  0FFD        	mov a,253
  65  0026  0300     R  	add a,_timerCount[0]
  65  0027  0080     E  	mov rb,a
  65  0028  0FF7        	mov a,247
  65  0029  1300     R  	adc a,_timerCount[1]
  65  002A  0080     E  	mov rc,a
  65  002B  0F12        	mov a,18
  65  002C  0200     E  	sub a,rb
  65  002D  0F05        	mov a,5
  65  002E  1200     E  	sbc a,rc
  65  002F  380A        	snz c
  65  0030  2800     R  	jmp _L7
  67  0031              #line 67 "c:\users\christon\downloads\projects\remote fan\remote fan\global(longway)\irRemote.c"
  67  0031  0F02        	mov a,2
  67  0032  0080     R  	mov _irDataStage[0],a
  68  0033              #line 68 "c:\users\christon\downloads\projects\remote fan\remote fan\global(longway)\irRemote.c"
  68  0033  1F00     R  	clr _irDataIndex[0]
  69  0034              #line 69 "c:\users\christon\downloads\projects\remote fan\remote fan\global(longway)\irRemote.c"
  69  0034  1F00     R  	clr _irIndex[0]
  70  0035              #line 70 "c:\users\christon\downloads\projects\remote fan\remote fan\global(longway)\irRemote.c"
  70  0035  1F00     R  	clr _irData[0]
  70  0036  1F00     R  	clr _irData[1]
  70  0037  1F00     R  	clr _irData[2]
  70  0038  1F00     R  	clr _irData[3]
  70  0039  2800     R  	jmp _L1
  70  003A              _L7:
  74  003A              #line 74 "c:\users\christon\downloads\projects\remote fan\remote fan\global(longway)\irRemote.c"
  74  003A  1F00     R  	clr _irDataStage[0]
  74  003B  2800     R  	jmp _L1
  74  003C              _L10:
  81  003C              #line 81 "c:\users\christon\downloads\projects\remote fan\remote fan\global(longway)\irRemote.c"
  81  003C  1400     R  	inca _irIndex[0]
  81  003D  0080     E  	mov ra,a
  81  003E  0700     E  	mov a,ra
  81  003F  0080     R  	mov _irIndex[0],a
  83  0040              #line 83 "c:\users\christon\downloads\projects\remote fan\remote fan\global(longway)\irRemote.c"
  83  0040  3C00     E  	sz ra.0
"File: irRemote.c    Assembler  Version HGASM0202      Page 4

  83  0041  2800     R  	jmp _L1
  87  0042              #line 87 "c:\users\christon\downloads\projects\remote fan\remote fan\global(longway)\irRemote.c"
  87  0042  0700     R  	mov a,_irDataIndex[0]
  87  0043  0080     E  	mov rb,a
  87  0044  1F00     E  	clr rc
  87  0045  1400     E  	inca rb
  87  0046  0080     E  	mov ra,a
  87  0047  0700     E  	mov a,ra
  87  0048  0080     R  	mov _irDataIndex[0],a
  87  0049  340A        	clr c
  87  004A  1A80     E  	rlc rb
  87  004B  1A80     E  	rlc rc
  87  004C  0F00     R  	mov a,low offset _tmArry
  87  004D  0300     E  	add a,rb
  87  004E  0083        	mov mp,a
  87  004F  0F00     R  	mov a,high offset _tmArry
  87  0050  1300     E  	adc a,rc
  87  0051  0084        	mov sbp,a
  87  0052  0700     R  	mov a,_timerCount[0]
  87  0053  0082        	mov ir,a
  87  0054  1483        	inc mp
  87  0055  0700     R  	mov a,_timerCount[1]
  87  0056  0082        	mov ir,a
  88  0057              #line 88 "c:\users\christon\downloads\projects\remote fan\remote fan\global(longway)\irRemote.c"
  88  0057  0F20        	mov a,32
  88  0058  0200     E  	sub a,ra
  88  0059  3C0A        	sz c
  88  005A  2800     R  	jmp _L1
  90  005B              #line 90 "c:\users\christon\downloads\projects\remote fan\remote fan\global(longway)\irRemote.c"
  90  005B  3000     R  	set _irDatavalid
  91  005C              #line 91 "c:\users\christon\downloads\projects\remote fan\remote fan\global(longway)\irRemote.c"
  91  005C  1F00     R  	clr _irDataStage[0]
  92  005D              #line 92 "c:\users\christon\downloads\projects\remote fan\remote fan\global(longway)\irRemote.c"
  92  005D  3493        	clr [19].1
  93  005E              #line 93 "c:\users\christon\downloads\projects\remote fan\remote fan\global(longway)\irRemote.c"
  93  005E  35AF        	clr [47].3
  93  005F              _L1:
  93  005F  0700     E  	mov a,r2
  93  0060  008A        	mov status,a
  93  0061  0700     E  	mov a,r3
  93  0062  0083        	mov mp,a
  93  0063  0700     E  	mov a,r4
  93  0064  0084        	mov sbp,a
  93  0065  0700     E  	mov a,r1
  93  0066  0004        	reti
  93  0067              _INT1_ISR endp
  93  0067              
  93  0067              #line 93 "c:\users\christon\downloads\projects\remote fan\remote fan\global(longway)\irRemote.c"
  93  0067              #pragma debug scope 1 1
  93  0067              public _getIrRemotedata
  93  0067              #pragma debug scope 4 1
 156  0067              #line 156 "c:\users\christon\downloads\projects\remote fan\remote fan\global(longway)\irRemote.c"
 156  0000              _getIrRemotedata .section 'code'
 156  0000              _getIrRemotedata proc
 156  0000              public _getIrRemotedata_2
 156  0000  0004[           local _getIrRemotedata_2 db 4 dup(?)	; 2,2
            00
            ]
 156  0004              #pragma debug pointer 42 14 4
 156  0004              #pragma debug pointer 42 14 4
"File: irRemote.c    Assembler  Version HGASM0202      Page 5

 156  0004              #pragma debug variable 42 4 _getIrRemotedata_2+0 "value"
 162  0004              #line 162 "c:\users\christon\downloads\projects\remote fan\remote fan\global(longway)\irRemote.c"
 162  0000  3800     R  	snz _irDatavalid
 162  0001  2800     R  	jmp _L17
 162  0002              #line 162 "c:\users\christon\downloads\projects\remote fan\remote fan\global(longway)\irRemote.c"
 162  0002  0F20        	mov a,32
 162  0003  0080     E  	mov rh,a
 162  0004  1F00     E  	clr ra
 162  0005  1F00     E  	clr rd
 162  0006  1F00     E  	clr re
 162  0007  1F00     E  	clr rf
 162  0008  1F00     E  	clr rg
 162  0009              _L16:
 167  0009              #line 167 "c:\users\christon\downloads\projects\remote fan\remote fan\global(longway)\irRemote.c"
 167  0009  0700     E  	mov a,rd
 167  000A  0380     E  	addm a,rd
 167  000B  0700     E  	mov a,re
 167  000C  1380     E  	adcm a,re
 167  000D  0700     E  	mov a,rf
 167  000E  1380     E  	adcm a,rf
 167  000F  0700     E  	mov a,rg
 167  0010  1380     E  	adcm a,rg
 169  0011              #line 169 "c:\users\christon\downloads\projects\remote fan\remote fan\global(longway)\irRemote.c"
 169  0011  0700     E  	mov a,ra
 169  0012  0080     E  	mov rb,a
 169  0013  1F00     E  	clr rc
 169  0014  340A        	clr c
 169  0015  1A80     E  	rlc rb
 169  0016  1A80     E  	rlc rc
 169  0017  0F00     R  	mov a,low offset _tmArry
 169  0018  0300     E  	add a,rb
 169  0019  0083        	mov mp,a
 169  001A  0F00     R  	mov a,high offset _tmArry
 169  001B  1300     E  	adc a,rc
 169  001C  0084        	mov sbp,a
 169  001D  2000     E  	call _Crom2Prom
 169  001E  0080     E  	mov rb,a
 169  001F  2000     E  	call _Crom2PromNext
 169  0020  0080     E  	mov rc,a
 169  0021  0F69        	mov a,105
 169  0022  0300     E  	add a,rb
 169  0023  0080     R  	mov _getIrRemotedata_2[2],a
 169  0024  0FFF        	mov a,255
 169  0025  1300     E  	adc a,rc
 169  0026  0080     R  	mov _getIrRemotedata_2[3],a
 169  0027  0FC6        	mov a,198
 169  0028  0200     R  	sub a,_getIrRemotedata_2[2]
 169  0029  0F00        	mov a,0
 169  002A  1200     R  	sbc a,_getIrRemotedata_2[3]
 169  002B  3C0A        	sz c
 169  002C  2800     R  	jmp _L13
 172  002D              #line 172 "c:\users\christon\downloads\projects\remote fan\remote fan\global(longway)\irRemote.c"
 172  002D  0F43        	mov a,67
 172  002E  0380     E  	addm a,rb
 172  002F  0FFD        	mov a,253
 172  0030  1380     E  	adcm a,rc
 172  0031  0F1E        	mov a,30
 172  0032  0200     E  	sub a,rb
 172  0033  0F03        	mov a,3
 172  0034  1200     E  	sbc a,rc
"File: irRemote.c    Assembler  Version HGASM0202      Page 6

 172  0035  380A        	snz c
 172  0036  2800     R  	jmp _L14
 174  0037              #line 174 "c:\users\christon\downloads\projects\remote fan\remote fan\global(longway)\irRemote.c"
 174  0037  0F00        	mov a,0
 174  0038  0580     E  	orm a,rg
 174  0039  0F00        	mov a,0
 174  003A  0580     E  	orm a,rf
 174  003B  0F00        	mov a,0
 174  003C  0580     E  	orm a,re
 174  003D  0F01        	mov a,1
 174  003E  0580     E  	orm a,rd
 174  003F  2800     R  	jmp _L13
 174  0040              _L14:
 177  0040              #line 177 "c:\users\christon\downloads\projects\remote fan\remote fan\global(longway)\irRemote.c"
 177  0040  1F00     R  	clr _irDataStage[0]
 178  0041              #line 178 "c:\users\christon\downloads\projects\remote fan\remote fan\global(longway)\irRemote.c"
 178  0041  3400     R  	clr _irDatavalid
 179  0042              #line 179 "c:\users\christon\downloads\projects\remote fan\remote fan\global(longway)\irRemote.c"
 179  0042  3093        	set [19].1
 179  0043  2800     R  	jmp _L17
 179  0044              _L13:
 165  0044              #line 165 "c:\users\christon\downloads\projects\remote fan\remote fan\global(longway)\irRemote.c"
 165  0044  1480     E  	inc ra
 165  0045  1780     E  	sdz rh
 165  0046  2800     R  	jmp _L16
 184  0047              #line 184 "c:\users\christon\downloads\projects\remote fan\remote fan\global(longway)\irRemote.c"
 184  0047  3400     R  	clr _irDatavalid
 185  0048              #line 185 "c:\users\christon\downloads\projects\remote fan\remote fan\global(longway)\irRemote.c"
 185  0048  0700     R  	mov a,_getIrRemotedata_2[0]
 185  0049  0083        	mov mp,a
 185  004A  0700     R  	mov a,_getIrRemotedata_2[1]
 185  004B  0084        	mov sbp,a
 185  004C  0700     E  	mov a,rd
 185  004D  0082        	mov ir,a
 185  004E  1483        	inc mp
 185  004F  0700     E  	mov a,re
 185  0050  0082        	mov ir,a
 185  0051  1483        	inc mp
 185  0052  0700     E  	mov a,rf
 185  0053  0082        	mov ir,a
 185  0054  1483        	inc mp
 185  0055  0700     E  	mov a,rg
 185  0056  0082        	mov ir,a
 186  0057              #line 186 "c:\users\christon\downloads\projects\remote fan\remote fan\global(longway)\irRemote.c"
 186  0057  3093        	set [19].1
 188  0058              #line 188 "c:\users\christon\downloads\projects\remote fan\remote fan\global(longway)\irRemote.c"
 188  0058  0F01        	mov a,1
 188  0059  0080     E  	mov ra,a
 188  005A  2800     R  	jmp _L12
 188  005B              _L17:
 192  005B              #line 192 "c:\users\christon\downloads\projects\remote fan\remote fan\global(longway)\irRemote.c"
 192  005B  1F00     E  	clr ra
 192  005C              _L12:
 197  005C              #line 197 "c:\users\christon\downloads\projects\remote fan\remote fan\global(longway)\irRemote.c"
 197  005C  0700     E  	mov a,ra
 197  005D  0003        	ret
 197  005E              _getIrRemotedata endp
 197  005E              #line 197 "c:\users\christon\downloads\projects\remote fan\remote fan\global(longway)\irRemote.c"
 197  005E              #pragma debug scope 1 1
 197  005E              ___pb equ [37]
"File: irRemote.c    Assembler  Version HGASM0202      Page 7

 197  005E              ___pa equ [20]
 197  0000              @crom	.section 'crom'
 197  0000              _LC0:
 197  0000              	db 049h,052h,05fh,053h,050h,045h,045h,044h,05fh,031h
 197  0005              	db 00h
 197  0006              @crom	.section 'crom'
 197  0006              _LC1:
 197  0006              	db 049h,052h,05fh,053h,050h,045h,045h,044h,05fh,032h
 197  000B              	db 00h
 197  000B              @crom	.section 'crom'
 197  000B              _LC2:
 197  000B              	db 049h,052h,05fh,053h,050h,045h,045h,044h,05fh,033h
 197  0010              	db 00h
 197  0011              @crom	.section 'crom'
 197  0011              _LC3:
 197  0011              	db 049h,052h,05fh,053h,050h,045h,045h,044h,05fh,034h
 197  0016              	db 00h
 197  0016              @crom	.section 'crom'
 197  0016              _LC4:
 197  0016              	db 049h,052h,05fh,053h,050h,045h,045h,044h,05fh,035h
 197  001B              	db 00h
 197  001C              @crom	.section 'crom'
 197  001C              _LC5:
 197  001C              	db 02fh,02fh,02fh,02fh,02fh,02fh,02fh,02fh,02fh,02fh
 197  0021              	db 02fh,02fh,050h,04fh,057h,045h,052h,020h,04fh,046h
 197  0026              	db 046h,020h,046h,072h,06fh,06dh,020h,052h,045h,04dh
 197  002B              	db 04fh,054h,045h,02fh,02fh,02fh,02fh,02fh,02fh,02fh
 197  0030              	db 02fh,02fh,00h
 197  0031              @crom	.section 'crom'
 197  0031              _LC6:
 197  0031              	db 049h,06eh,063h,072h,065h,061h,073h,065h,03ah,020h
 197  0036              	db 00h
 197  0037              @crom	.section 'crom'
 197  0037              _LC7:
 197  0037              	db 044h,065h,063h,072h,065h,061h,073h,065h,03ah,020h
 197  003C              	db 00h
 197  003C              public _irKeyProcess
 197  003C              #pragma debug scope 5 1
 201  003C              #line 201 "c:\users\christon\downloads\projects\remote fan\remote fan\global(longway)\irRemote.c"
 201  0000              _irKeyProcess .section 'code'
 201  0000              _irKeyProcess proc
 201  0000              public _irKeyProcess_2
 201  0000  0004[           local _irKeyProcess_2 db 4 dup(?)	; 4,0
            00
            ]
 201  0004              #pragma debug variable 14 5 _irKeyProcess_2+0 "key"
 202  0004              #line 202 "c:\users\christon\downloads\projects\remote fan\remote fan\global(longway)\irRemote.c"
 202  0000  0700     R  	mov a,_irKeyProcess_2[0]
 202  0001  0080     E  	mov _keyPressIndiVal[0],a
 202  0002  0700     R  	mov a,_irKeyProcess_2[1]
 202  0003  0080     E  	mov _keyPressIndiVal[1],a
 202  0004  0700     R  	mov a,_irKeyProcess_2[2]
 202  0005  0080     E  	mov _keyPressIndiVal[2],a
 202  0006  0700     R  	mov a,_irKeyProcess_2[3]
 202  0007  0080     E  	mov _keyPressIndiVal[3],a
 204  0008              #line 204 "c:\users\christon\downloads\projects\remote fan\remote fan\global(longway)\irRemote.c"
 204  0008  3800     E  	snz _powerBtn
 204  0009  2800     R  	jmp _L19
 206  000A              #line 206 "c:\users\christon\downloads\projects\remote fan\remote fan\global(longway)\irRemote.c"
 206  000A  0700     R  	mov a,_irKeyProcess_2[0]
"File: irRemote.c    Assembler  Version HGASM0202      Page 8

 206  000B  0ACE        	sub a,206
 206  000C  0700     R  	mov a,_irKeyProcess_2[1]
 206  000D  0831        	sbc a,49
 206  000E  0700     R  	mov a,_irKeyProcess_2[2]
 206  000F  08FD        	sbc a,253
 206  0010  0700     R  	mov a,_irKeyProcess_2[3]
 206  0011  0802        	sbc a,2
 206  0012  3B0A        	snz cz
 206  0013  2800     R  	jmp _L20
 209  0014              #line 209 "c:\users\christon\downloads\projects\remote fan\remote fan\global(longway)\irRemote.c"
 209  0014  3400     E  	clr _powerBtn
 210  0015              #line 210 "c:\users\christon\downloads\projects\remote fan\remote fan\global(longway)\irRemote.c"
 210  0015  0F00        	mov a,0
 210  0016  2000     E  	call _EEReadChar
 210  0017  0080     E  	mov ra,a
 211  0018              #line 211 "c:\users\christon\downloads\projects\remote fan\remote fan\global(longway)\irRemote.c"
 211  0018  1500     E  	deca ra
 211  0019  0080     E  	mov rb,a
 211  001A  0F04        	mov a,4
 211  001B  0200     E  	sub a,rb
 211  001C  380A        	snz c
 211  001D  2800     R  	jmp _L21
 210  001E              #line 210 "c:\users\christon\downloads\projects\remote fan\remote fan\global(longway)\irRemote.c"
 210  001E  0700     E  	mov a,ra
 210  001F  0080     E  	mov _lastSpeed[0],a
 210  0020  2800     R  	jmp _L22
 210  0021              _L21:
 212  0021              #line 212 "c:\users\christon\downloads\projects\remote fan\remote fan\global(longway)\irRemote.c"
 212  0021  0F05        	mov a,5
 212  0022  0080     E  	mov _lastSpeed[0],a
 212  0023              _L22:
 213  0023              #line 213 "c:\users\christon\downloads\projects\remote fan\remote fan\global(longway)\irRemote.c"
 213  0023  0700     E  	mov a,_lastSpeed[0]
 213  0024  0080     E  	mov rb,a
 213  0025  1F00     E  	clr rc
 213  0026  0700     E  	mov a,rb
 213  0027  0080     E  	mov _fanSpeed[0],a
 214  0028              #line 214 "c:\users\christon\downloads\projects\remote fan\remote fan\global(longway)\irRemote.c"
 214  0028  35A5        	clr [37].3
 215  0029              #line 215 "c:\users\christon\downloads\projects\remote fan\remote fan\global(longway)\irRemote.c"
 215  0029  3400     E  	clr _LED_FLAG
 216  002A              #line 216 "c:\users\christon\downloads\projects\remote fan\remote fan\global(longway)\irRemote.c"
 216  002A  3794        	clr [20].7
 217  002B              #line 217 "c:\users\christon\downloads\projects\remote fan\remote fan\global(longway)\irRemote.c"
 217  002B  3000     E  	set _LED_INDICATON_FLAG
 218  002C              #line 218 "c:\users\christon\downloads\projects\remote fan\remote fan\global(longway)\irRemote.c"
 218  002C  340A        	clr c
 218  002D  1A00     E  	rlca rb
 218  002E  0080     E  	mov _change[0],a
 218  002F  1A00     E  	rlca rc
 218  0030  0080     E  	mov _change[1],a
 219  0031              #line 219 "c:\users\christon\downloads\projects\remote fan\remote fan\global(longway)\irRemote.c"
 219  0031  1F00     E  	clr _buzz_count[0]
 219  0032  1F00     E  	clr _buzz_count[1]
 220  0033              #line 220 "c:\users\christon\downloads\projects\remote fan\remote fan\global(longway)\irRemote.c"
 220  0033  0F02        	mov a,2
 220  0034  0080     E  	mov _BUZZ_STOP[0],a
 220  0035  1F00     E  	clr _BUZZ_STOP[1]
 220  0036  2800     R  	jmp _L36
 220  0037              _L20:
"File: irRemote.c    Assembler  Version HGASM0202      Page 9

 228  0037              #line 228 "c:\users\christon\downloads\projects\remote fan\remote fan\global(longway)\irRemote.c"
 228  0037  1F00     E  	clr _buzz_count[0]
 228  0038  1F00     E  	clr _buzz_count[1]
 229  0039              #line 229 "c:\users\christon\downloads\projects\remote fan\remote fan\global(longway)\irRemote.c"
 229  0039  0F04        	mov a,4
 229  003A  0080     E  	mov _BUZZ_STOP[0],a
 229  003B  1F00     E  	clr _BUZZ_STOP[1]
 229  003C              _L36:
 230  003C              #line 230 "c:\users\christon\downloads\projects\remote fan\remote fan\global(longway)\irRemote.c"
 230  003C  3000     E  	set _BUZZ_FLAG
 230  003D  2800     R  	jmp _L18
 230  003E              _L19:
 241  003E              #line 241 "c:\users\christon\downloads\projects\remote fan\remote fan\global(longway)\irRemote.c"
 241  003E  0700     R  	mov a,_irKeyProcess_2[0]
 241  003F  0ADE        	sub a,222
 241  0040  0700     R  	mov a,_irKeyProcess_2[1]
 241  0041  0821        	sbc a,33
 241  0042  0700     R  	mov a,_irKeyProcess_2[2]
 241  0043  08FD        	sbc a,253
 241  0044  0700     R  	mov a,_irKeyProcess_2[3]
 241  0045  0802        	sbc a,2
 241  0046  3F0A        	sz cz
 241  0047  2800     R  	jmp _L24
 241  0048  0700     R  	mov a,_irKeyProcess_2[0]
 241  0049  0AC6        	sub a,198
 241  004A  0700     R  	mov a,_irKeyProcess_2[1]
 241  004B  0839        	sbc a,57
 241  004C  0700     R  	mov a,_irKeyProcess_2[2]
 241  004D  08FD        	sbc a,253
 241  004E  0700     R  	mov a,_irKeyProcess_2[3]
 241  004F  0802        	sbc a,2
 241  0050  3F0A        	sz cz
 241  0051  2800     R  	jmp _L25
 241  0052  0700     R  	mov a,_irKeyProcess_2[0]
 241  0053  0ABE        	sub a,190
 241  0054  0700     R  	mov a,_irKeyProcess_2[1]
 241  0055  0841        	sbc a,65
 241  0056  0700     R  	mov a,_irKeyProcess_2[2]
 241  0057  08FD        	sbc a,253
 241  0058  0700     R  	mov a,_irKeyProcess_2[3]
 241  0059  0802        	sbc a,2
 241  005A  3F0A        	sz cz
 241  005B  2800     R  	jmp _L26
 241  005C  0700     R  	mov a,_irKeyProcess_2[0]
 241  005D  0A9E        	sub a,158
 241  005E  0700     R  	mov a,_irKeyProcess_2[1]
 241  005F  0861        	sbc a,97
 241  0060  0700     R  	mov a,_irKeyProcess_2[2]
 241  0061  08FD        	sbc a,253
 241  0062  0700     R  	mov a,_irKeyProcess_2[3]
 241  0063  0802        	sbc a,2
 241  0064  3F0A        	sz cz
 241  0065  2800     R  	jmp _L27
 241  0066  0700     R  	mov a,_irKeyProcess_2[0]
 241  0067  0A66        	sub a,102
 241  0068  0700     R  	mov a,_irKeyProcess_2[1]
 241  0069  0899        	sbc a,153
 241  006A  0700     R  	mov a,_irKeyProcess_2[2]
 241  006B  08FD        	sbc a,253
 241  006C  0700     R  	mov a,_irKeyProcess_2[3]
"File: irRemote.c    Assembler  Version HGASM0202      Page 10

 241  006D  0802        	sbc a,2
 241  006E  3F0A        	sz cz
 241  006F  2800     R  	jmp _L28
 241  0070  0700     R  	mov a,_irKeyProcess_2[0]
 241  0071  0A5E        	sub a,94
 241  0072  0700     R  	mov a,_irKeyProcess_2[1]
 241  0073  08A1        	sbc a,161
 241  0074  0700     R  	mov a,_irKeyProcess_2[2]
 241  0075  08FD        	sbc a,253
 241  0076  0700     R  	mov a,_irKeyProcess_2[3]
 241  0077  0802        	sbc a,2
 241  0078  3F0A        	sz cz
 241  0079  2800     R  	jmp _L29
 241  007A  0700     R  	mov a,_irKeyProcess_2[0]
 241  007B  0A3E        	sub a,62
 241  007C  0700     R  	mov a,_irKeyProcess_2[1]
 241  007D  08C1        	sbc a,193
 241  007E  0700     R  	mov a,_irKeyProcess_2[2]
 241  007F  08FD        	sbc a,253
 241  0080  0700     R  	mov a,_irKeyProcess_2[3]
 241  0081  0802        	sbc a,2
 241  0082  3F0A        	sz cz
 241  0083  2800     R  	jmp _L30
 241  0084  0700     R  	mov a,_irKeyProcess_2[0]
 241  0085  0A2E        	sub a,46
 241  0086  0700     R  	mov a,_irKeyProcess_2[1]
 241  0087  08D1        	sbc a,209
 241  0088  0700     R  	mov a,_irKeyProcess_2[2]
 241  0089  08FD        	sbc a,253
 241  008A  0700     R  	mov a,_irKeyProcess_2[3]
 241  008B  0802        	sbc a,2
 241  008C  3B0A        	snz cz
 241  008D  2800     R  	jmp _L18
 392  008E              #line 392 "c:\users\christon\downloads\projects\remote fan\remote fan\global(longway)\irRemote.c"
 392  008E  3000     E  	set _powerBtn
 393  008F              #line 393 "c:\users\christon\downloads\projects\remote fan\remote fan\global(longway)\irRemote.c"
 393  008F  3400     E  	clr _LED_FLAG
 394  0090              #line 394 "c:\users\christon\downloads\projects\remote fan\remote fan\global(longway)\irRemote.c"
 394  0090  0700     E  	mov a,_fanSpeed[0]
 394  0091  0080     E  	mov ra,a
 394  0092  0700     E  	mov a,ra
 394  0093  0080     E  	mov _lastSpeed[0],a
 395  0094              #line 395 "c:\users\christon\downloads\projects\remote fan\remote fan\global(longway)\irRemote.c"
 395  0094  0700     E  	mov a,ra
 395  0095  0080     E  	mov _EEWriteChar_2[0],a
 395  0096  0F00        	mov a,0
 395  0097  2000     E  	call _EEWriteChar
 396  0098              #line 396 "c:\users\christon\downloads\projects\remote fan\remote fan\global(longway)\irRemote.c"
 396  0098  1F00     E  	clr _fanSpeed[0]
 397  0099              #line 397 "c:\users\christon\downloads\projects\remote fan\remote fan\global(longway)\irRemote.c"
 397  0099  0F02        	mov a,2
 397  009A  0080     E  	mov _change[0],a
 397  009B  1F00     E  	clr _change[1]
 399  009C              #line 399 "c:\users\christon\downloads\projects\remote fan\remote fan\global(longway)\irRemote.c"
 399  009C  1F00     E  	clr _buzz_count[0]
 399  009D  1F00     E  	clr _buzz_count[1]
 400  009E              #line 400 "c:\users\christon\downloads\projects\remote fan\remote fan\global(longway)\irRemote.c"
 400  009E  0F04        	mov a,4
 400  009F  0080     E  	mov _BUZZ_STOP[0],a
 400  00A0  1F00     E  	clr _BUZZ_STOP[1]
"File: irRemote.c    Assembler  Version HGASM0202      Page 11

 401  00A1              #line 401 "c:\users\christon\downloads\projects\remote fan\remote fan\global(longway)\irRemote.c"
 401  00A1  3000     E  	set _BUZZ_FLAG
 406  00A2              #line 406 "c:\users\christon\downloads\projects\remote fan\remote fan\global(longway)\irRemote.c"
 406  00A2  1F00     E  	clr _uart1_put_value_2[2]
 406  00A3  1F00     E  	clr _uart1_put_value_2[3]
 406  00A4  1F00     E  	clr _uart1_put_value_2[4]
 406  00A5  1F00     E  	clr _uart1_put_value_2[5]
 406  00A6  0F00     R  	mov a,low offset _LC5
 406  00A7  0080     E  	mov _uart1_put_value_2[0],a
 406  00A8  0F00     R  	mov a,high offset _LC5
 406  00A9  0080     E  	mov _uart1_put_value_2[1],a
 406  00AA  2000     E  	call _uart1_put_value
 407  00AB              #line 407 "c:\users\christon\downloads\projects\remote fan\remote fan\global(longway)\irRemote.c"
 407  00AB  3000     E  	set _powerBtn
 407  00AC  2800     R  	jmp _L18
 407  00AD              _L26:
 247  00AD              #line 247 "c:\users\christon\downloads\projects\remote fan\remote fan\global(longway)\irRemote.c"
 247  00AD  0700     E  	mov a,_fanSpeed[0]
 247  00AE  0080     E  	mov _lastSpeed[0],a
 249  00AF              #line 249 "c:\users\christon\downloads\projects\remote fan\remote fan\global(longway)\irRemote.c"
 249  00AF  0F01        	mov a,1
 249  00B0  0080     E  	mov _fanSpeed[0],a
 251  00B1              #line 251 "c:\users\christon\downloads\projects\remote fan\remote fan\global(longway)\irRemote.c"
 251  00B1  1F00     E  	clr _buzz_count[0]
 251  00B2  1F00     E  	clr _buzz_count[1]
 252  00B3              #line 252 "c:\users\christon\downloads\projects\remote fan\remote fan\global(longway)\irRemote.c"
 252  00B3  0F02        	mov a,2
 252  00B4  0080     E  	mov _BUZZ_STOP[0],a
 252  00B5  1F00     E  	clr _BUZZ_STOP[1]
 253  00B6              #line 253 "c:\users\christon\downloads\projects\remote fan\remote fan\global(longway)\irRemote.c"
 253  00B6  3000     E  	set _BUZZ_FLAG
 254  00B7              #line 254 "c:\users\christon\downloads\projects\remote fan\remote fan\global(longway)\irRemote.c"
 254  00B7  0F02        	mov a,2
 254  00B8  0080     E  	mov _change[0],a
 254  00B9  1F00     E  	clr _change[1]
 255  00BA              #line 255 "c:\users\christon\downloads\projects\remote fan\remote fan\global(longway)\irRemote.c"
 255  00BA  3000     E  	set _LED_INDICATON_FLAG
 257  00BB              #line 257 "c:\users\christon\downloads\projects\remote fan\remote fan\global(longway)\irRemote.c"
 257  00BB  0F01        	mov a,1
 257  00BC  0080     E  	mov _uart1_put_value_2[2],a
 257  00BD  1F00     E  	clr _uart1_put_value_2[3]
 257  00BE  1F00     E  	clr _uart1_put_value_2[4]
 257  00BF  1F00     E  	clr _uart1_put_value_2[5]
 257  00C0  0F00     R  	mov a,low offset _LC0
 257  00C1  0080     E  	mov _uart1_put_value_2[0],a
 257  00C2  0F00     R  	mov a,high offset _LC0
 257  00C3  0080     E  	mov _uart1_put_value_2[1],a
 257  00C4  2800     R  	jmp _L37
 257  00C5              _L30:
 269  00C5              #line 269 "c:\users\christon\downloads\projects\remote fan\remote fan\global(longway)\irRemote.c"
 269  00C5  0700     E  	mov a,_fanSpeed[0]
 269  00C6  0080     E  	mov _lastSpeed[0],a
 271  00C7              #line 271 "c:\users\christon\downloads\projects\remote fan\remote fan\global(longway)\irRemote.c"
 271  00C7  0F02        	mov a,2
 271  00C8  0080     E  	mov _fanSpeed[0],a
 273  00C9              #line 273 "c:\users\christon\downloads\projects\remote fan\remote fan\global(longway)\irRemote.c"
 273  00C9  1F00     E  	clr _buzz_count[0]
 273  00CA  1F00     E  	clr _buzz_count[1]
 274  00CB              #line 274 "c:\users\christon\downloads\projects\remote fan\remote fan\global(longway)\irRemote.c"
 274  00CB  0F02        	mov a,2
"File: irRemote.c    Assembler  Version HGASM0202      Page 12

 274  00CC  0080     E  	mov _BUZZ_STOP[0],a
 274  00CD  1F00     E  	clr _BUZZ_STOP[1]
 275  00CE              #line 275 "c:\users\christon\downloads\projects\remote fan\remote fan\global(longway)\irRemote.c"
 275  00CE  3000     E  	set _BUZZ_FLAG
 276  00CF              #line 276 "c:\users\christon\downloads\projects\remote fan\remote fan\global(longway)\irRemote.c"
 276  00CF  0F04        	mov a,4
 276  00D0  0080     E  	mov _change[0],a
 276  00D1  1F00     E  	clr _change[1]
 277  00D2              #line 277 "c:\users\christon\downloads\projects\remote fan\remote fan\global(longway)\irRemote.c"
 277  00D2  3000     E  	set _LED_INDICATON_FLAG
 279  00D3              #line 279 "c:\users\christon\downloads\projects\remote fan\remote fan\global(longway)\irRemote.c"
 279  00D3  0F02        	mov a,2
 279  00D4  0080     E  	mov _uart1_put_value_2[2],a
 279  00D5  1F00     E  	clr _uart1_put_value_2[3]
 279  00D6  1F00     E  	clr _uart1_put_value_2[4]
 279  00D7  1F00     E  	clr _uart1_put_value_2[5]
 279  00D8  0F00     R  	mov a,low offset _LC1
 279  00D9  0080     E  	mov _uart1_put_value_2[0],a
 279  00DA  0F00     R  	mov a,high offset _LC1
 279  00DB  0080     E  	mov _uart1_put_value_2[1],a
 279  00DC  2800     R  	jmp _L37
 279  00DD              _L24:
 289  00DD              #line 289 "c:\users\christon\downloads\projects\remote fan\remote fan\global(longway)\irRemote.c"
 289  00DD  0700     E  	mov a,_fanSpeed[0]
 289  00DE  0080     E  	mov _lastSpeed[0],a
 291  00DF              #line 291 "c:\users\christon\downloads\projects\remote fan\remote fan\global(longway)\irRemote.c"
 291  00DF  0F03        	mov a,3
 291  00E0  0080     E  	mov _fanSpeed[0],a
 293  00E1              #line 293 "c:\users\christon\downloads\projects\remote fan\remote fan\global(longway)\irRemote.c"
 293  00E1  1F00     E  	clr _buzz_count[0]
 293  00E2  1F00     E  	clr _buzz_count[1]
 294  00E3              #line 294 "c:\users\christon\downloads\projects\remote fan\remote fan\global(longway)\irRemote.c"
 294  00E3  0F02        	mov a,2
 294  00E4  0080     E  	mov _BUZZ_STOP[0],a
 294  00E5  1F00     E  	clr _BUZZ_STOP[1]
 295  00E6              #line 295 "c:\users\christon\downloads\projects\remote fan\remote fan\global(longway)\irRemote.c"
 295  00E6  3000     E  	set _BUZZ_FLAG
 296  00E7              #line 296 "c:\users\christon\downloads\projects\remote fan\remote fan\global(longway)\irRemote.c"
 296  00E7  0F06        	mov a,6
 296  00E8  0080     E  	mov _change[0],a
 296  00E9  1F00     E  	clr _change[1]
 297  00EA              #line 297 "c:\users\christon\downloads\projects\remote fan\remote fan\global(longway)\irRemote.c"
 297  00EA  3000     E  	set _LED_INDICATON_FLAG
 299  00EB              #line 299 "c:\users\christon\downloads\projects\remote fan\remote fan\global(longway)\irRemote.c"
 299  00EB  0F03        	mov a,3
 299  00EC  0080     E  	mov _uart1_put_value_2[2],a
 299  00ED  1F00     E  	clr _uart1_put_value_2[3]
 299  00EE  1F00     E  	clr _uart1_put_value_2[4]
 299  00EF  1F00     E  	clr _uart1_put_value_2[5]
 299  00F0  0F00     R  	mov a,low offset _LC2
 299  00F1  0080     E  	mov _uart1_put_value_2[0],a
 299  00F2  0F00     R  	mov a,high offset _LC2
 299  00F3  0080     E  	mov _uart1_put_value_2[1],a
 299  00F4  2800     R  	jmp _L37
 299  00F5              _L29:
 309  00F5              #line 309 "c:\users\christon\downloads\projects\remote fan\remote fan\global(longway)\irRemote.c"
 309  00F5  0700     E  	mov a,_fanSpeed[0]
 309  00F6  0080     E  	mov _lastSpeed[0],a
 311  00F7              #line 311 "c:\users\christon\downloads\projects\remote fan\remote fan\global(longway)\irRemote.c"
 311  00F7  0F04        	mov a,4
"File: irRemote.c    Assembler  Version HGASM0202      Page 13

 311  00F8  0080     E  	mov _fanSpeed[0],a
 313  00F9              #line 313 "c:\users\christon\downloads\projects\remote fan\remote fan\global(longway)\irRemote.c"
 313  00F9  1F00     E  	clr _buzz_count[0]
 313  00FA  1F00     E  	clr _buzz_count[1]
 314  00FB              #line 314 "c:\users\christon\downloads\projects\remote fan\remote fan\global(longway)\irRemote.c"
 314  00FB  0F02        	mov a,2
 314  00FC  0080     E  	mov _BUZZ_STOP[0],a
 314  00FD  1F00     E  	clr _BUZZ_STOP[1]
 315  00FE              #line 315 "c:\users\christon\downloads\projects\remote fan\remote fan\global(longway)\irRemote.c"
 315  00FE  3000     E  	set _BUZZ_FLAG
 316  00FF              #line 316 "c:\users\christon\downloads\projects\remote fan\remote fan\global(longway)\irRemote.c"
 316  00FF  0F08        	mov a,8
 316  0100  0080     E  	mov _change[0],a
 316  0101  1F00     E  	clr _change[1]
 317  0102              #line 317 "c:\users\christon\downloads\projects\remote fan\remote fan\global(longway)\irRemote.c"
 317  0102  3000     E  	set _LED_INDICATON_FLAG
 319  0103              #line 319 "c:\users\christon\downloads\projects\remote fan\remote fan\global(longway)\irRemote.c"
 319  0103  0F04        	mov a,4
 319  0104  0080     E  	mov _uart1_put_value_2[2],a
 319  0105  1F00     E  	clr _uart1_put_value_2[3]
 319  0106  1F00     E  	clr _uart1_put_value_2[4]
 319  0107  1F00     E  	clr _uart1_put_value_2[5]
 319  0108  0F00     R  	mov a,low offset _LC3
 319  0109  0080     E  	mov _uart1_put_value_2[0],a
 319  010A  0F00     R  	mov a,high offset _LC3
 319  010B  0080     E  	mov _uart1_put_value_2[1],a
 319  010C  2800     R  	jmp _L37
 319  010D              _L27:
 329  010D              #line 329 "c:\users\christon\downloads\projects\remote fan\remote fan\global(longway)\irRemote.c"
 329  010D  0700     E  	mov a,_fanSpeed[0]
 329  010E  0080     E  	mov _lastSpeed[0],a
 331  010F              #line 331 "c:\users\christon\downloads\projects\remote fan\remote fan\global(longway)\irRemote.c"
 331  010F  0F05        	mov a,5
 331  0110  0080     E  	mov _fanSpeed[0],a
 332  0111              #line 332 "c:\users\christon\downloads\projects\remote fan\remote fan\global(longway)\irRemote.c"
 332  0111  1F00     E  	clr _buzz_count[0]
 332  0112  1F00     E  	clr _buzz_count[1]
 333  0113              #line 333 "c:\users\christon\downloads\projects\remote fan\remote fan\global(longway)\irRemote.c"
 333  0113  0F02        	mov a,2
 333  0114  0080     E  	mov _BUZZ_STOP[0],a
 333  0115  1F00     E  	clr _BUZZ_STOP[1]
 334  0116              #line 334 "c:\users\christon\downloads\projects\remote fan\remote fan\global(longway)\irRemote.c"
 334  0116  3000     E  	set _BUZZ_FLAG
 336  0117              #line 336 "c:\users\christon\downloads\projects\remote fan\remote fan\global(longway)\irRemote.c"
 336  0117  0F0A        	mov a,10
 336  0118  0080     E  	mov _change[0],a
 336  0119  1F00     E  	clr _change[1]
 337  011A              #line 337 "c:\users\christon\downloads\projects\remote fan\remote fan\global(longway)\irRemote.c"
 337  011A  3000     E  	set _LED_INDICATON_FLAG
 339  011B              #line 339 "c:\users\christon\downloads\projects\remote fan\remote fan\global(longway)\irRemote.c"
 339  011B  0F05        	mov a,5
 339  011C  0080     E  	mov _uart1_put_value_2[2],a
 339  011D  1F00     E  	clr _uart1_put_value_2[3]
 339  011E  1F00     E  	clr _uart1_put_value_2[4]
 339  011F  1F00     E  	clr _uart1_put_value_2[5]
 339  0120  0F00     R  	mov a,low offset _LC4
 339  0121  0080     E  	mov _uart1_put_value_2[0],a
 339  0122  0F00     R  	mov a,high offset _LC4
 339  0123  0080     E  	mov _uart1_put_value_2[1],a
 339  0124  2800     R  	jmp _L37
"File: irRemote.c    Assembler  Version HGASM0202      Page 14

 339  0125              _L28:
 435  0125              #line 435 "c:\users\christon\downloads\projects\remote fan\remote fan\global(longway)\irRemote.c"
 435  0125  0F01        	mov a,1
 435  0126  0300     E  	add a,_fanSpeed[0]
 435  0127  0080     E  	mov rb,a
 435  0128  0F00        	mov a,0
 435  0129  1F00     E  	clr rc
 435  012A  1380     E  	adcm a,rc
 436  012B              #line 436 "c:\users\christon\downloads\projects\remote fan\remote fan\global(longway)\irRemote.c"
 436  012B  0F04        	mov a,4
 436  012C  0200     E  	sub a,rb
 436  012D  0F00        	mov a,0
 436  012E  1200     E  	sbc a,rc
 436  012F  380A        	snz c
 436  0130  2800     R  	jmp _L32
 435  0131              #line 435 "c:\users\christon\downloads\projects\remote fan\remote fan\global(longway)\irRemote.c"
 435  0131  0700     E  	mov a,rb
 435  0132  0080     R  	mov _speed_temp[0],a
 435  0133  0700     E  	mov a,rc
 435  0134  0080     R  	mov _speed_temp[1],a
 435  0135  2800     R  	jmp _L33
 435  0136              _L32:
 437  0136              #line 437 "c:\users\christon\downloads\projects\remote fan\remote fan\global(longway)\irRemote.c"
 437  0136  0F05        	mov a,5
 437  0137  0080     R  	mov _speed_temp[0],a
 437  0138  1F00     R  	clr _speed_temp[1]
 437  0139              _L33:
 438  0139              #line 438 "c:\users\christon\downloads\projects\remote fan\remote fan\global(longway)\irRemote.c"
 438  0139  0700     R  	mov a,_speed_temp[0]
 438  013A  0080     E  	mov rb,a
 438  013B  0700     R  	mov a,_speed_temp[1]
 438  013C  0080     E  	mov rc,a
 438  013D  0700     E  	mov a,rb
 438  013E  0080     E  	mov _fanSpeed[0],a
 439  013F              #line 439 "c:\users\christon\downloads\projects\remote fan\remote fan\global(longway)\irRemote.c"
 439  013F  3000     E  	set _LED_INDICATON_FLAG
 439  0140  0700     E  	mov a,rb
 439  0141  0080     E  	mov rd,a
 439  0142  0700     E  	mov a,rc
 439  0143  0080     E  	mov re,a
 439  0144  0FFF        	mov a,255  
 439  0145  0680     E  	andm a,rd  
 439  0146  0F00        	mov a,0  
 439  0147  0680     E  	andm a,re
 440  0148              #line 440 "c:\users\christon\downloads\projects\remote fan\remote fan\global(longway)\irRemote.c"
 440  0148  340A        	clr c
 440  0149  1A00     E  	rlca rd
 440  014A  0080     E  	mov _change[0],a
 440  014B  1A00     E  	rlca re
 440  014C  0080     E  	mov _change[1],a
 441  014D              #line 441 "c:\users\christon\downloads\projects\remote fan\remote fan\global(longway)\irRemote.c"
 441  014D  1F00     E  	clr _buzz_count[0]
 441  014E  1F00     E  	clr _buzz_count[1]
 442  014F              #line 442 "c:\users\christon\downloads\projects\remote fan\remote fan\global(longway)\irRemote.c"
 442  014F  0F02        	mov a,2
 442  0150  0080     E  	mov _BUZZ_STOP[0],a
 442  0151  1F00     E  	clr _BUZZ_STOP[1]
 443  0152              #line 443 "c:\users\christon\downloads\projects\remote fan\remote fan\global(longway)\irRemote.c"
 443  0152  3000     E  	set _BUZZ_FLAG
 444  0153              #line 444 "c:\users\christon\downloads\projects\remote fan\remote fan\global(longway)\irRemote.c"
"File: irRemote.c    Assembler  Version HGASM0202      Page 15

 444  0153  0700     E  	mov a,rb
 444  0154  0080     E  	mov _uart1_put_value_2[2],a
 444  0155  1F00     E  	clr _uart1_put_value_2[3]
 444  0156  1F00     E  	clr _uart1_put_value_2[4]
 444  0157  1F00     E  	clr _uart1_put_value_2[5]
 444  0158  0F00     R  	mov a,low offset _LC6
 444  0159  0080     E  	mov _uart1_put_value_2[0],a
 444  015A  0F00     R  	mov a,high offset _LC6
 444  015B  0080     E  	mov _uart1_put_value_2[1],a
 444  015C  2800     R  	jmp _L37
 444  015D              _L25:
 450  015D              #line 450 "c:\users\christon\downloads\projects\remote fan\remote fan\global(longway)\irRemote.c"
 450  015D  0700     E  	mov a,_fanSpeed[0]
 450  015E  0080     E  	mov rb,a
 450  015F  1F00     E  	clr rc
 451  0160              #line 451 "c:\users\christon\downloads\projects\remote fan\remote fan\global(longway)\irRemote.c"
 451  0160  0700     E  	mov a,rb
 451  0161  0500     E  	or a,rc
 451  0162  390A        	snz z
 451  0163  2800     R  	jmp _L34
 450  0164              #line 450 "c:\users\christon\downloads\projects\remote fan\remote fan\global(longway)\irRemote.c"
 450  0164  1F00     R  	clr _speed_temp[0]
 450  0165  1F00     R  	clr _speed_temp[1]
 450  0166  2800     R  	jmp _L35
 450  0167              _L34:
 452  0167              #line 452 "c:\users\christon\downloads\projects\remote fan\remote fan\global(longway)\irRemote.c"
 452  0167  0FFF        	mov a,255
 452  0168  0300     E  	add a,rb
 452  0169  0080     R  	mov _speed_temp[0],a
 452  016A  0FFF        	mov a,255
 452  016B  1300     E  	adc a,rc
 452  016C  0080     R  	mov _speed_temp[1],a
 452  016D              _L35:
 455  016D              #line 455 "c:\users\christon\downloads\projects\remote fan\remote fan\global(longway)\irRemote.c"
 455  016D  0700     R  	mov a,_speed_temp[0]
 455  016E  0080     E  	mov rb,a
 455  016F  0700     R  	mov a,_speed_temp[1]
 455  0170  0080     E  	mov rc,a
 455  0171  0700     E  	mov a,rb
 455  0172  0080     E  	mov _fanSpeed[0],a
 455  0173  0700     E  	mov a,rb
 455  0174  0080     E  	mov rd,a
 455  0175  0700     E  	mov a,rc
 455  0176  0080     E  	mov re,a
 455  0177  0FFF        	mov a,255  
 455  0178  0680     E  	andm a,rd  
 455  0179  0F00        	mov a,0  
 455  017A  0680     E  	andm a,re
 456  017B              #line 456 "c:\users\christon\downloads\projects\remote fan\remote fan\global(longway)\irRemote.c"
 456  017B  340A        	clr c
 456  017C  1A00     E  	rlca rd
 456  017D  0080     E  	mov _change[0],a
 456  017E  1A00     E  	rlca re
 456  017F  0080     E  	mov _change[1],a
 457  0180              #line 457 "c:\users\christon\downloads\projects\remote fan\remote fan\global(longway)\irRemote.c"
 457  0180  1F00     E  	clr _buzz_count[0]
 457  0181  1F00     E  	clr _buzz_count[1]
 458  0182              #line 458 "c:\users\christon\downloads\projects\remote fan\remote fan\global(longway)\irRemote.c"
 458  0182  0F02        	mov a,2
 458  0183  0080     E  	mov _BUZZ_STOP[0],a
"File: irRemote.c    Assembler  Version HGASM0202      Page 16

 458  0184  1F00     E  	clr _BUZZ_STOP[1]
 459  0185              #line 459 "c:\users\christon\downloads\projects\remote fan\remote fan\global(longway)\irRemote.c"
 459  0185  3000     E  	set _BUZZ_FLAG
 460  0186              #line 460 "c:\users\christon\downloads\projects\remote fan\remote fan\global(longway)\irRemote.c"
 460  0186  0700     E  	mov a,rb
 460  0187  0080     E  	mov _uart1_put_value_2[2],a
 460  0188  1F00     E  	clr _uart1_put_value_2[3]
 460  0189  1F00     E  	clr _uart1_put_value_2[4]
 460  018A  1F00     E  	clr _uart1_put_value_2[5]
 460  018B  0F00     R  	mov a,low offset _LC7
 460  018C  0080     E  	mov _uart1_put_value_2[0],a
 460  018D  0F00     R  	mov a,high offset _LC7
 460  018E  0080     E  	mov _uart1_put_value_2[1],a
 460  018F              _L37:
 460  018F  2000     E  	call _uart1_put_value
 460  0190              _L18:
 460  0190  0003        	ret
 460  0191              _irKeyProcess endp
 460  0191              #line 460 "c:\users\christon\downloads\projects\remote fan\remote fan\global(longway)\irRemote.c"
 460  0191              #pragma debug scope 1 1
 460  0191              public _toggle
 460  0000              @HCCINIT	.section 'data'
  21  0000              #line 21 "c:\users\christon\downloads\projects\remote fan\remote fan\global(longway)\irRemote.c"
  21  0000              @HCCINIT_toggle .section 'data'
  21  0000              _toggle label byte
  21  0000              #pragma debug variable 8 1 _toggle "toggle"
  21  0000              	db 0
  21  0000              @ROMDATA_BASE .section inpage 'code'
  21  0000              	db 0
  21  0001              @HCCINIT_toggle .section 'data'
  21  0001              public _irDatavalid
  14  0001              #line 14 "c:\users\christon\downloads\projects\remote fan\remote fan\global(longway)\irRemote.c"
  14  0000              @BITDATASEC .section 'data'
  14  0000  00          _irDatavalid	dbit 0
  14  0001              #pragma debug variable 2 1 _irDatavalid "irDatavalid"
  14  0001              public _irData
  13  0001              #line 13 "c:\users\christon\downloads\projects\remote fan\remote fan\global(longway)\irRemote.c"
  13  0000              @HCCINIT_irData .section 'data'
  13  0000              _irData label byte
  13  0000              #pragma debug variable 14 1 _irData "irData"
  13  0000              	db 0
  13  0001              @ROMDATA_BASE .section inpage 'code'
  13  0001              	db 0
  13  0001              @HCCINIT_irData .section 'data'
  13  0001              	db 0
  13  0001              @ROMDATA_BASE .section inpage 'code'
  13  0001              	db 0
  13  0002              @HCCINIT_irData .section 'data'
  13  0002              	db 0
  13  0002              @ROMDATA_BASE .section inpage 'code'
  13  0002              	db 0
  13  0003              @HCCINIT_irData .section 'data'
  13  0003              	db 0
  13  0002              @ROMDATA_BASE .section inpage 'code'
  13  0002              	db 0
  13  0004              @HCCINIT_irData .section 'data'
  13  0004              public _irIndex
  12  0004              #line 12 "c:\users\christon\downloads\projects\remote fan\remote fan\global(longway)\irRemote.c"
  12  0000              @HCCINIT_irIndex .section 'data'
  12  0000              _irIndex label byte
"File: irRemote.c    Assembler  Version HGASM0202      Page 17

  12  0000              #pragma debug variable 8 1 _irIndex "irIndex"
  12  0000              	db 0
  12  0003              @ROMDATA_BASE .section inpage 'code'
  12  0003              	db 0
  12  0001              @HCCINIT_irIndex .section 'data'
  12  0001              public _irDataIndex
  12  0001              #line 12 "c:\users\christon\downloads\projects\remote fan\remote fan\global(longway)\irRemote.c"
  12  0000              @HCCINIT_irDataIndex .section 'data'
  12  0000              _irDataIndex label byte
  12  0000              #pragma debug variable 8 1 _irDataIndex "irDataIndex"
  12  0000              	db 0
  12  0003              @ROMDATA_BASE .section inpage 'code'
  12  0003              	db 0
  12  0001              @HCCINIT_irDataIndex .section 'data'
  12  0001              public _irDataStage
  12  0001              #line 12 "c:\users\christon\downloads\projects\remote fan\remote fan\global(longway)\irRemote.c"
  12  0000              @HCCINIT_irDataStage .section 'data'
  12  0000              _irDataStage label byte
  12  0000              #pragma debug variable 8 1 _irDataStage "irDataStage"
  12  0000              	db 0
  12  0004              @ROMDATA_BASE .section inpage 'code'
  12  0004              	db 0
  12  0001              @HCCINIT_irDataStage .section 'data'
  11  0001              #line 11 "c:\users\christon\downloads\projects\remote fan\remote fan\global(longway)\irRemote.c"
  11  0001              public _timerCount
  11  0000              @HCCINIT0_timerCount .section 'data'
  11  0000  0002[       _timerCount	db 2 dup(0)
            00
            ]
  11  0002              #pragma debug union_end
  11  0002              #pragma debug union_end
  11  0002              #pragma debug variable 43 1 _timerCount "timerCount"
  11  0002              
  11  0000              @HCCINIT .section 'data'
  11  0000              public _tmindex
  10  0000              #line 10 "c:\users\christon\downloads\projects\remote fan\remote fan\global(longway)\irRemote.c"
  10  0000              @HCCINIT_tmindex .section 'data'
  10  0000              _tmindex label byte
  10  0000              #pragma debug variable 8 1 _tmindex "tmindex"
  10  0000              	db 0
  10  0004              @ROMDATA_BASE .section inpage 'code'
  10  0004              	db 0
  10  0001              @HCCINIT_tmindex .section 'data'
   9  0001              #line 9 "c:\users\christon\downloads\projects\remote fan\remote fan\global(longway)\irRemote.c"
   9  0001              public _speed_temp
   9  0000              @HCCINIT0_speed_temp .section 'data'
   9  0000  0002[       _speed_temp	db 2 dup(0)
            00
            ]
   9  0002              #pragma debug variable 12 1 _speed_temp "speed_temp"
   9  0002              
   9  0000              @HCCINIT .section 'data'
   9  0000              #line 9 "c:\users\christon\downloads\projects\remote fan\remote fan\global(longway)\irRemote.c"
   9  0000              public _tmArry
   9  0000              @HCCINIT0_tmArry .section 'data'
   9  0000  0080[       _tmArry	db 128 dup(0)
            00
            ]
   9  0080              #pragma debug array 44 12 64 1
   9  0080              #pragma debug array 44 12 64 1
"File: irRemote.c    Assembler  Version HGASM0202      Page 18

   9  0080              #pragma debug variable 44 1 _tmArry "tmArry"
   9  0080              
   9  0000              @HCCINIT .section 'data'
   9  0000              #pragma debug struct_end
   9  0000              #pragma debug struct_end
   9  0000              #pragma debug union_end
   9  0000              #pragma debug union_end
   9  0000              #pragma debug variable 46 1 ___intc2 "__intc2" 1
   9  0000              #pragma debug struct_end
   9  0000              #pragma debug struct_end
   9  0000              #pragma debug union_end
   9  0000              #pragma debug union_end
   9  0000              #pragma debug variable 48 1 ___pa "__pa" 1
   9  0000              #pragma debug struct_end
   9  0000              #pragma debug struct_end
   9  0000              #pragma debug union_end
   9  0000              #pragma debug union_end
   9  0000              #pragma debug variable 50 1 ___pb "__pb" 1
   9  0000              #pragma debug struct_end
   9  0000              #pragma debug struct_end
   9  0000              #pragma debug union_end
   9  0000              #pragma debug union_end
   9  0000              #pragma debug variable 52 1 ___stmc0 "__stmc0" 1
   9  0000              #pragma debug variable 8 1 ___stmdl "__stmdl" 1
   9  0000              #pragma debug variable 8 1 ___stmdh "__stmdh" 1
   9  0000              
   9  0000              ; output external variables
   9  0000              extern _BUZZ_FLAG:bit
   9  0000              extern _BUZZ_STOP:byte
   9  0000              extern _buzz_count:byte
   9  0000              extern _change:byte
   9  0000              extern _LED_INDICATON_FLAG:bit
   9  0000              extern _LED_FLAG:bit
   9  0000              extern _fanSpeed:byte
   9  0000              extern _lastSpeed:byte
   9  0000              extern _powerBtn:bit
   9  0000              extern _keyPressIndiVal:byte
   9  0000              extern r1:byte
   9  0000              extern r2:byte
   9  0000              extern r3:byte
   9  0000              extern r4:byte
   9  0000              extern _EEReadChar:near
   9  0000              extern _EEWriteChar_2:byte
   9  0000              extern _EEWriteChar:near
   9  0000              extern _uart1_put_value_2:byte
   9  0000              extern _uart1_put_value:near
   9  0000              
   9  0000              ; 
   9  0000              ; Generated by holtek-gcc v3.19, Tue Jan 04 10:13:28 2022
   9  0000              ; Rebuild 718
   9  0000              ; end of file


        0 Errors, 0