"File: Remote Fan.c  Assembler  Version HGASM0202      Page 1


   1  0000              ; Generated by holtek-gcc v3.19, Thu Dec 16 15:19:27 2021
   2  0000              ; 
   3  0000              ; Configuration:
   4  0000              ;       with long instruction
   5  0000              ;       Single ROM, Multi-RAM
   6  0000              ;       bits_per_rom_unit:16
   7  0000              ;       with mp1
   8  0000              ;       with tbhp, address(0x9)
   9  0000              ;          Use tabrd-const
  10  0000              ;       
  11  0000              ; SFR address of long-instruction arch:
  12  0000              ;    mp0 = -1,1,0
  13  0000              ;    mp1 = 4,3,2
  14  0000              ;    mp2 = 14,13,12
  15  0000              ;    tbp = 9,7,8
  16  0000              ;    acc = 5
  17  0000              ;    pcl = 6
  18  0000              ;    status = 10
  19  0000              ;    bp = 11
  20  0000              ;    intc = 17
  21  0000              ;       
  22  0000              ;       
  23  0000              ; use 'tabrdc' instead of 'tabrd'
  24  0000              ;       
  25  0000              
  26  0000              #pragma translator "holtek-gcc 4.6.4" "3.19" "build 20130711"
  27  0000              ; Rebuild 718
  28  0000              
  29  0000              ir equ [2]
  30  0000              mp equ [3]
  31  0000              sbp equ [4]
  32  0000              acc equ [5]
  33  0000              bp equ [11]
  34  0000              tblp equ [7]
  35  0000              tbhp equ [9]
  36  0000              status equ [10]
  37  0000              c equ [10].0
  38  0000              ac equ [10].1
  39  0000              z equ [10].2
  40  0000              ov equ [10].3
  41  0000              cz equ [10].6
  42  0000              sc equ [10].7
  43  0000              intc equ [17]
  44  0000              
  45  0000              extern ra:byte
  46  0000              extern rb:byte
  47  0000              extern rc:byte
  48  0000              extern rd:byte
  49  0000              extern re:byte
  50  0000              extern rf:byte
  51  0000              extern rg:byte
  52  0000              extern rh:byte
  53  0000              extern _Crom2Prom:near
  54  0000              extern _Crom2PromNext:near
  55  0000              
  56  0000              RAMBANK 0 @BITDATASEC, @BITDATASEC1
  57  0000              @HCCINIT	.section 'data'
  58  0000              @HCCINIT0	.section 'data'
  59  0000              @BITDATASEC	 .section 'data'
"File: Remote Fan.ASM  Assembler  Version HGASM0202      Page 2

  60  0000              @BITDATASEC1	 .section 'data'
  61  0000              
  62  0000              #pragma debug scope 1 1
  63  0000              	extern __DELAY3:near
  64  0000              	extern __DELAYX3:near
  65  0000              	extern __DELAYX6:near
  66  0000              	extern __DELAYY5:near
  67  0000              	extern __DELAYY3:near
  68  0000              	extern _builtin_holtek_delay_2:byte
  69  0000              ___intc1 equ [18]
  70  0000              public _TB0_ISR
  71  0000              #pragma debug scope 2 1

 291  0000              #line 291 "c:\users\christon\downloads\projects\remote fan\remote fan\global(longway)\Remote Fan.c"
 291  0000              @TB0_ISR_code .section at 28 'code'
 291  0000              ifdef INTERRUPT_DELAY
 291  0000              	nop
 291  0000              endif
 291  0000  0080     E  	mov r1,a
 291  0001  070A        	mov a,status
 291  0002              ifndef INTERRUPT_DELAY
 291  0002  0080     E  	mov r2,a
 291  0003              endif
 291  0003  2800     R  	jmp _TB0_ISR
 291  0004              #pragma debug scope 1 1
 291  0004              @dummy28 endp
 291  0004              #pragma debug scope 3 1
 291  0000              _TB0_ISR .section 'code'
 291  0000              _TB0_ISR proc
 291  0000              ifdef INTERRUPT_DELAY
 291  0000              	mov r2,a
 291  0000              endif
 292  0000              #line 292 "c:\users\christon\downloads\projects\remote fan\remote fan\global(longway)\Remote Fan.c"
 292  0000  3792        	clr [18].7
 293  0001              #line 293 "c:\users\christon\downloads\projects\remote fan\remote fan\global(longway)\Remote Fan.c"
 293  0001  1480     R  	inc _ms8_counter[0]
 293  0002  3D0A        	sz z
 293  0003  1480     R  	inc _ms8_counter[1]
 293  0004  0700     E  	mov a,r2
 293  0005  008A        	mov status,a
 293  0006  0700     E  	mov a,r1
 293  0007  0004        	reti
 293  0008              _TB0_ISR endp
 293  0008              
 293  0008              #line 293 "c:\users\christon\downloads\projects\remote fan\remote fan\global(longway)\Remote Fan.c"
 293  0008              #pragma debug scope 1 1
 293  0008              ___intc0 equ [17]
 293  0008              ___ptmc0 equ [55]
 293  0008              ___pc equ [65]
 293  0008              ___pa equ [20]
 293  0008              public _INT0_ISR
 293  0008              #pragma debug scope 4 1
 297  0008              #line 297 "c:\users\christon\downloads\projects\remote fan\remote fan\global(longway)\Remote Fan.c"
 297  0000              @INT0_ISR_code .section at 4 'code'
 297  0000              ifdef INTERRUPT_DELAY
 297  0000              	nop
 297  0000              endif
 297  0000  0080     E  	mov r1,a
 297  0001  070A        	mov a,status
 297  0002              ifndef INTERRUPT_DELAY
"File: Remote Fan.c  Assembler  Version HGASM0202      Page 3

 297  0002  0080     E  	mov r2,a
 297  0003              endif
 297  0003  2800     R  	jmp _INT0_ISR
 297  0004              #pragma debug scope 1 1
 297  0004              @dummy4 endp
 297  0004              #pragma debug scope 5 1
 297  0000              _INT0_ISR .section 'code'
 297  0000              _INT0_ISR proc
 297  0000              ifdef INTERRUPT_DELAY
 297  0000              	mov r2,a
 297  0000              endif
 299  0000              #line 299 "c:\users\christon\downloads\projects\remote fan\remote fan\global(longway)\Remote Fan.c"
 299  0000  3611        	clr [17].4
 300  0001              #line 300 "c:\users\christon\downloads\projects\remote fan\remote fan\global(longway)\Remote Fan.c"
 300  0001  35B7        	clr [55].3
 302  0002              #line 302 "c:\users\christon\downloads\projects\remote fan\remote fan\global(longway)\Remote Fan.c"
 302  0002  30C1        	set [65].1
 303  0003              #line 303 "c:\users\christon\downloads\projects\remote fan\remote fan\global(longway)\Remote Fan.c"
 303  0003  3241        	set [65].4
 304  0004              #line 304 "c:\users\christon\downloads\projects\remote fan\remote fan\global(longway)\Remote Fan.c"
 304  0004  3094        	set [20].1
 305  0005              #line 305 "c:\users\christon\downloads\projects\remote fan\remote fan\global(longway)\Remote Fan.c"
 305  0005  32C1        	set [65].5
 369  0006              #line 369 "c:\users\christon\downloads\projects\remote fan\remote fan\global(longway)\Remote Fan.c"
 369  0006  31B7        	set [55].3
 369  0007  0700     E  	mov a,r2
 369  0008  008A        	mov status,a
 369  0009  0700     E  	mov a,r1
 369  000A  0004        	reti
 369  000B              _INT0_ISR endp
 369  000B              
 369  000B              #line 369 "c:\users\christon\downloads\projects\remote fan\remote fan\global(longway)\Remote Fan.c"
 369  000B              #pragma debug scope 1 1
 369  000B              ___mfi1 equ [77]
 369  000B              public _timer_i0
 369  000B              #pragma debug scope 6 1
 374  000B              #line 374 "c:\users\christon\downloads\projects\remote fan\remote fan\global(longway)\Remote Fan.c"
 374  0000              @timer_i0_code .section at 16 'code'
 374  0000              ifdef INTERRUPT_DELAY
 374  0000              	nop
 374  0000              endif
 374  0000  0080     E  	mov r1,a
 374  0001  070A        	mov a,status
 374  0002              ifndef INTERRUPT_DELAY
 374  0002  0080     E  	mov r2,a
 374  0003              endif
 374  0003  2800     R  	jmp _timer_i0
 374  0004              #pragma debug scope 1 1
 374  0004              @dummy16 endp
 374  0004              #pragma debug scope 7 1
 374  0000              _timer_i0 .section 'code'
 374  0000              _timer_i0 proc
 374  0000              ifdef INTERRUPT_DELAY
 374  0000              	mov r2,a
 374  0000              endif
 376  0000              #line 376 "c:\users\christon\downloads\projects\remote fan\remote fan\global(longway)\Remote Fan.c"
 376  0000  36CD        	clr [77].5
 378  0001              #line 378 "c:\users\christon\downloads\projects\remote fan\remote fan\global(longway)\Remote Fan.c"
 378  0001  0700     R  	mov a,_fanSpeed[0]
 378  0002  0A01        	sub a,1
"File: Remote Fan.c  Assembler  Version HGASM0202      Page 4

 378  0003  3D0A        	sz z
 378  0004  2800     R  	jmp _L5
 378  0005  0A01        	sub a,(2)-(1)
 378  0006  3D0A        	sz z
 378  0007  2800     R  	jmp _L6
 378  0008              #line 378 "c:\users\christon\downloads\projects\remote fan\remote fan\global(longway)\Remote Fan.c"
 378  0008  0700     R  	mov a,_fanSpeed[0]
 378  0009  0A03        	sub a,3
 378  000A  3D0A        	sz z
 378  000B  2800     R  	jmp _L7
 378  000C  0A01        	sub a,(4)-(3)
 378  000D  3D0A        	sz z
 378  000E  2800     R  	jmp _L8
 378  000F  0700     R  	mov a,_fanSpeed[0]
 378  0010  0A05        	sub a,5
 378  0011  390A        	snz z
 378  0012  2800     R  	jmp _L4
 378  0013  2800     R  	jmp _L13
 378  0014              _L5:
 386  0014              #line 386 "c:\users\christon\downloads\projects\remote fan\remote fan\global(longway)\Remote Fan.c"
 386  0014  3C00     R  	sz _BUZZ_FLAG
 386  0015  2800     R  	jmp _L4
 386  0016  3C00     R  	sz _LED_INDICATON_FLAG
 386  0017  2800     R  	jmp _L4
 386  0018  2800     R  	jmp _L11
 386  0019              _L6:
 393  0019              #line 393 "c:\users\christon\downloads\projects\remote fan\remote fan\global(longway)\Remote Fan.c"
 393  0019  3C00     R  	sz _BUZZ_FLAG
 393  001A  2800     R  	jmp _L4
 393  001B  3C00     R  	sz _LED_INDICATON_FLAG
 393  001C  2800     R  	jmp _L4
 395  001D              #line 395 "c:\users\christon\downloads\projects\remote fan\remote fan\global(longway)\Remote Fan.c"
 395  001D  34C1        	clr [65].1
 395  001E  2800     R  	jmp _L11
 395  001F              _L7:
 401  001F              #line 401 "c:\users\christon\downloads\projects\remote fan\remote fan\global(longway)\Remote Fan.c"
 401  001F  3C00     R  	sz _BUZZ_FLAG
 401  0020  2800     R  	jmp _L4
 401  0021  3C00     R  	sz _LED_INDICATON_FLAG
 401  0022  2800     R  	jmp _L4
 401  0023  2800     R  	jmp _L10
 401  0024              _L8:
 410  0024              #line 410 "c:\users\christon\downloads\projects\remote fan\remote fan\global(longway)\Remote Fan.c"
 410  0024  3C00     R  	sz _BUZZ_FLAG
 410  0025  2800     R  	jmp _L4
 410  0026  3C00     R  	sz _LED_INDICATON_FLAG
 410  0027  2800     R  	jmp _L4
 412  0028              #line 412 "c:\users\christon\downloads\projects\remote fan\remote fan\global(longway)\Remote Fan.c"
 412  0028  34C1        	clr [65].1
 412  0029              _L10:
 413  0029              #line 413 "c:\users\christon\downloads\projects\remote fan\remote fan\global(longway)\Remote Fan.c"
 413  0029  3641        	clr [65].4
 413  002A              _L11:
 414  002A              #line 414 "c:\users\christon\downloads\projects\remote fan\remote fan\global(longway)\Remote Fan.c"
 414  002A  3494        	clr [20].1
 414  002B  2800     R  	jmp _L4
 414  002C              _L13:
 421  002C              #line 421 "c:\users\christon\downloads\projects\remote fan\remote fan\global(longway)\Remote Fan.c"
 421  002C  3C00     R  	sz _BUZZ_FLAG
 421  002D  2800     R  	jmp _L4
"File: Remote Fan.c  Assembler  Version HGASM0202      Page 5

 421  002E  3C00     R  	sz _LED_INDICATON_FLAG
 421  002F  2800     R  	jmp _L4
 423  0030              #line 423 "c:\users\christon\downloads\projects\remote fan\remote fan\global(longway)\Remote Fan.c"
 423  0030  36C1        	clr [65].5
 423  0031              _L4:
 450  0031              #line 450 "c:\users\christon\downloads\projects\remote fan\remote fan\global(longway)\Remote Fan.c"
 450  0031  35B7        	clr [55].3
 450  0032  0700     E  	mov a,r2
 450  0033  008A        	mov status,a
 450  0034  0700     E  	mov a,r1
 450  0035  0004        	reti
 450  0036              _timer_i0 endp
 450  0036              
 450  0036              #line 450 "c:\users\christon\downloads\projects\remote fan\remote fan\global(longway)\Remote Fan.c"
 450  0036              #pragma debug scope 1 1
 450  0036              public _poweroff
 450  0036              #pragma debug scope 8 1
 485  0036              #line 485 "c:\users\christon\downloads\projects\remote fan\remote fan\global(longway)\Remote Fan.c"
 485  0000              _poweroff .section 'code'
 485  0000              _poweroff proc
 486  0000              #line 486 "c:\users\christon\downloads\projects\remote fan\remote fan\global(longway)\Remote Fan.c"
 486  0000  1F00     R  	clr _fanSpeed[0]
 487  0001              #line 487 "c:\users\christon\downloads\projects\remote fan\remote fan\global(longway)\Remote Fan.c"
 487  0001  1F00     R  	clr _count[0]
 487  0002  1F00     R  	clr _count[1]
 488  0003              #line 488 "c:\users\christon\downloads\projects\remote fan\remote fan\global(longway)\Remote Fan.c"
 488  0003  1F00     R  	clr _timer_count[0]
 488  0004  1F00     R  	clr _timer_count[1]
 489  0005              #line 489 "c:\users\christon\downloads\projects\remote fan\remote fan\global(longway)\Remote Fan.c"
 489  0005  3400     R  	clr _LED_FLAG
 491  0006              #line 491 "c:\users\christon\downloads\projects\remote fan\remote fan\global(longway)\Remote Fan.c"
 491  0006  1F00     R  	clr _buzz_count[0]
 491  0007  1F00     R  	clr _buzz_count[1]
 492  0008              #line 492 "c:\users\christon\downloads\projects\remote fan\remote fan\global(longway)\Remote Fan.c"
 492  0008  0F08        	mov a,8
 492  0009  0080     R  	mov _BUZZ_STOP[0],a
 492  000A  0F52        	mov a,82
 492  000B  0080     R  	mov _BUZZ_STOP[1],a
 493  000C              #line 493 "c:\users\christon\downloads\projects\remote fan\remote fan\global(longway)\Remote Fan.c"
 493  000C  3000     R  	set _BUZZ_FLAG
 494  000D              #line 494 "c:\users\christon\downloads\projects\remote fan\remote fan\global(longway)\Remote Fan.c"
 494  000D  3000     R  	set _powerBtn
 494  000E  0003        	ret
 494  000F              _poweroff endp
 494  000F              #line 494 "c:\users\christon\downloads\projects\remote fan\remote fan\global(longway)\Remote Fan.c"
 494  000F              #pragma debug scope 1 1
 494  000F              ___wdtc equ [26]
 494  000F              ___lvrc equ [29]
 494  000F              ___lvdc equ [24]
 494  000F              ___sledc0 equ [79]
 494  000F              ___sledc1 equ [80]
 494  000F              ___pac equ [21]
 494  000F              ___pcc equ [66]
 494  000F              ___pbc equ [38]
 494  000F              ___pbs0 equ [93]
 494  000F              ___integ equ [16]
 494  000F              ___ifs equ [81]
 494  000F              ___pas0 equ [91]
 494  000F              ___intc2 equ [19]
 494  000F              ___stmc1 equ [48]
"File: Remote Fan.c  Assembler  Version HGASM0202      Page 6

 494  000F              ___stmc0 equ [47]
 494  000F              ___stmal equ [51]
 494  000F              ___stmah equ [52]
 494  000F              ___pcs0 equ [95]
 494  000F              ___ucr3 equ [118]
 494  000F              ___ucr1 equ [86]
 494  000F              ___ucr2 equ [87]
 494  000F              ___brg equ [88]
 494  000F              ___ptmc1 equ [56]
 494  000F              ___ptmal equ [59]
 494  000F              ___ptmah equ [60]
 494  000F              ___ctmc1 equ [41]
 494  000F              ___ctmc0 equ [40]
 494  000F              ___ctmal equ [44]
 494  000F              ___ctmah equ [45]
 494  000F              ___pdc equ [83]
 494  000F              ___sadc1 equ [35]
 494  000F              ___sadc0 equ [34]
 494  000F              ___sadc2 equ [36]
 494  000F              ___psc0r equ [102]
 494  000F              ___tb0c equ [27]
 494  000F              public _sysInit
 494  000F              #pragma debug scope 9 1
 500  000F              #line 500 "c:\users\christon\downloads\projects\remote fan\remote fan\global(longway)\Remote Fan.c"
 500  0000              _sysInit .section 'code'
 500  0000              _sysInit proc
 505  0000              #line 505 "c:\users\christon\downloads\projects\remote fan\remote fan\global(longway)\Remote Fan.c"
 505  0000  0FAB        	mov a,171
 505  0001  009A        	mov [26],a
 513  0002              #line 513 "c:\users\christon\downloads\projects\remote fan\remote fan\global(longway)\Remote Fan.c"
 513  0002  0F66        	mov a,102
 513  0003  009D        	mov [29],a
 514  0004              #line 514 "c:\users\christon\downloads\projects\remote fan\remote fan\global(longway)\Remote Fan.c"
 514  0004  0F17        	mov a,23
 514  0005  0098        	mov [24],a
 522  0006              #line 522 "c:\users\christon\downloads\projects\remote fan\remote fan\global(longway)\Remote Fan.c"
 522  0006  35CF        	clr [79].3
 522  0007  354F        	clr [79].2
 522  0008  34CF        	clr [79].1
 522  0009  344F        	clr [79].0
 523  000A              #line 523 "c:\users\christon\downloads\projects\remote fan\remote fan\global(longway)\Remote Fan.c"
 523  000A  35D0        	clr [80].3
 523  000B  3550        	clr [80].2
 523  000C  34D0        	clr [80].1
 523  000D  3450        	clr [80].0
 526  000E              #line 526 "c:\users\christon\downloads\projects\remote fan\remote fan\global(longway)\Remote Fan.c"
 526  000E  3495        	clr [21].1
 526  000F  36C2        	clr [66].5
 526  0010  3642        	clr [66].4
 526  0011  34C2        	clr [66].1
 529  0012              #line 529 "c:\users\christon\downloads\projects\remote fan\remote fan\global(longway)\Remote Fan.c"
 529  0012  35A6        	clr [38].3
 530  0013              #line 530 "c:\users\christon\downloads\projects\remote fan\remote fan\global(longway)\Remote Fan.c"
 530  0013  3795        	clr [21].7
 532  0014              #line 532 "c:\users\christon\downloads\projects\remote fan\remote fan\global(longway)\Remote Fan.c"
 532  0014  3026        	set [38].0
 533  0015              #line 533 "c:\users\christon\downloads\projects\remote fan\remote fan\global(longway)\Remote Fan.c"
 533  0015  1F5D        	clr [93]
 534  0016              #line 534 "c:\users\christon\downloads\projects\remote fan\remote fan\global(longway)\Remote Fan.c"
 534  0016  3611        	clr [17].4
"File: Remote Fan.c  Assembler  Version HGASM0202      Page 7

 535  0017              #line 535 "c:\users\christon\downloads\projects\remote fan\remote fan\global(longway)\Remote Fan.c"
 535  0017  0F03        	mov a,3
 535  0018  0090        	mov [16],a
 536  0019              #line 536 "c:\users\christon\downloads\projects\remote fan\remote fan\global(longway)\Remote Fan.c"
 536  0019  3091        	set [17].1
 547  001A              #line 547 "c:\users\christon\downloads\projects\remote fan\remote fan\global(longway)\Remote Fan.c"
 547  001A  32D1        	set [81].5
 547  001B  36DB        	clr [91].5
 547  001C  365B        	clr [91].4
 547  001D  3115        	set [21].2
 548  001E              #line 548 "c:\users\christon\downloads\projects\remote fan\remote fan\global(longway)\Remote Fan.c"
 548  001E  3190        	set [16].3
 548  001F  3110        	set [16].2
 549  0020              #line 549 "c:\users\christon\downloads\projects\remote fan\remote fan\global(longway)\Remote Fan.c"
 549  0020  3693        	clr [19].5
 550  0021              #line 550 "c:\users\christon\downloads\projects\remote fan\remote fan\global(longway)\Remote Fan.c"
 550  0021  3093        	set [19].1
 553  0022              #line 553 "c:\users\christon\downloads\projects\remote fan\remote fan\global(longway)\Remote Fan.c"
 553  0022  33B0        	set [48].7
 553  0023  3330        	set [48].6
 554  0024              #line 554 "c:\users\christon\downloads\projects\remote fan\remote fan\global(longway)\Remote Fan.c"
 554  0024  372F        	clr [47].6
 554  0025  32AF        	set [47].5
 554  0026  362F        	clr [47].4
 555  0027              #line 555 "c:\users\christon\downloads\projects\remote fan\remote fan\global(longway)\Remote Fan.c"
 555  0027  3030        	set [48].0
 556  0028              #line 556 "c:\users\christon\downloads\projects\remote fan\remote fan\global(longway)\Remote Fan.c"
 556  0028  0F7C        	mov a,124
 556  0029  00B3        	mov [51],a
 557  002A              #line 557 "c:\users\christon\downloads\projects\remote fan\remote fan\global(longway)\Remote Fan.c"
 557  002A  0F92        	mov a,146
 557  002B  00B4        	mov [52],a
 558  002C              #line 558 "c:\users\christon\downloads\projects\remote fan\remote fan\global(longway)\Remote Fan.c"
 558  002C  35AF        	clr [47].3
 562  002D              #line 562 "c:\users\christon\downloads\projects\remote fan\remote fan\global(longway)\Remote Fan.c"
 562  002D  3442        	clr [66].0
 563  002E              #line 563 "c:\users\christon\downloads\projects\remote fan\remote fan\global(longway)\Remote Fan.c"
 563  002E  34DF        	clr [95].1
 563  002F  305F        	set [95].0
 565  0030              #line 565 "c:\users\christon\downloads\projects\remote fan\remote fan\global(longway)\Remote Fan.c"
 565  0030  3476        	clr [118].0
 566  0031              #line 566 "c:\users\christon\downloads\projects\remote fan\remote fan\global(longway)\Remote Fan.c"
 566  0031  36D6        	clr [86].5
 567  0032              #line 567 "c:\users\christon\downloads\projects\remote fan\remote fan\global(longway)\Remote Fan.c"
 567  0032  3756        	clr [86].6
 568  0033              #line 568 "c:\users\christon\downloads\projects\remote fan\remote fan\global(longway)\Remote Fan.c"
 568  0033  36D7        	clr [87].5
 569  0034              #line 569 "c:\users\christon\downloads\projects\remote fan\remote fan\global(longway)\Remote Fan.c"
 569  0034  35D6        	clr [86].3
 570  0035              #line 570 "c:\users\christon\downloads\projects\remote fan\remote fan\global(longway)\Remote Fan.c"
 570  0035  0F0C        	mov a,12
 570  0036  00D8        	mov [88],a
 571  0037              #line 571 "c:\users\christon\downloads\projects\remote fan\remote fan\global(longway)\Remote Fan.c"
 571  0037  33D6        	set [86].7
 572  0038              #line 572 "c:\users\christon\downloads\projects\remote fan\remote fan\global(longway)\Remote Fan.c"
 572  0038  33D7        	set [87].7
 580  0039              #line 580 "c:\users\christon\downloads\projects\remote fan\remote fan\global(longway)\Remote Fan.c"
 580  0039  0F50        	mov a,80
 580  003A  00B7        	mov [55],a
 581  003B              #line 581 "c:\users\christon\downloads\projects\remote fan\remote fan\global(longway)\Remote Fan.c"
"File: Remote Fan.c  Assembler  Version HGASM0202      Page 8

 581  003B  0FC1        	mov a,193
 581  003C  00B8        	mov [56],a
 582  003D              #line 582 "c:\users\christon\downloads\projects\remote fan\remote fan\global(longway)\Remote Fan.c"
 582  003D  0F37        	mov a,55
 582  003E  00BB        	mov [59],a
 583  003F              #line 583 "c:\users\christon\downloads\projects\remote fan\remote fan\global(longway)\Remote Fan.c"
 583  003F  1F3C        	clr [60]
 586  0040              #line 586 "c:\users\christon\downloads\projects\remote fan\remote fan\global(longway)\Remote Fan.c"
 586  0040  3012        	set [18].0
 587  0041              #line 587 "c:\users\christon\downloads\projects\remote fan\remote fan\global(longway)\Remote Fan.c"
 587  0041  3612        	clr [18].4
 588  0042              #line 588 "c:\users\christon\downloads\projects\remote fan\remote fan\global(longway)\Remote Fan.c"
 588  0042  36CD        	clr [77].5
 589  0043              #line 589 "c:\users\christon\downloads\projects\remote fan\remote fan\global(longway)\Remote Fan.c"
 589  0043  30CD        	set [77].1
 590  0044              #line 590 "c:\users\christon\downloads\projects\remote fan\remote fan\global(longway)\Remote Fan.c"
 590  0044  3011        	set [17].0
 596  0045              #line 596 "c:\users\christon\downloads\projects\remote fan\remote fan\global(longway)\Remote Fan.c"
 596  0045  33A9        	set [41].7
 596  0046  3329        	set [41].6
 597  0047              #line 597 "c:\users\christon\downloads\projects\remote fan\remote fan\global(longway)\Remote Fan.c"
 597  0047  3328        	set [40].6
 597  0048  36A8        	clr [40].5
 597  0049  3228        	set [40].4
 598  004A              #line 598 "c:\users\christon\downloads\projects\remote fan\remote fan\global(longway)\Remote Fan.c"
 598  004A  3029        	set [41].0
 599  004B              #line 599 "c:\users\christon\downloads\projects\remote fan\remote fan\global(longway)\Remote Fan.c"
 599  004B  1F2C        	clr [44]
 600  004C              #line 600 "c:\users\christon\downloads\projects\remote fan\remote fan\global(longway)\Remote Fan.c"
 600  004C  0F05        	mov a,5
 600  004D  00AD        	mov [45],a
 601  004E              #line 601 "c:\users\christon\downloads\projects\remote fan\remote fan\global(longway)\Remote Fan.c"
 601  004E  35A8        	clr [40].3
 603  004F              #line 603 "c:\users\christon\downloads\projects\remote fan\remote fan\global(longway)\Remote Fan.c"
 603  004F  3795        	clr [21].7
 604  0050              #line 604 "c:\users\christon\downloads\projects\remote fan\remote fan\global(longway)\Remote Fan.c"
 604  0050  3794        	clr [20].7
 606  0051              #line 606 "c:\users\christon\downloads\projects\remote fan\remote fan\global(longway)\Remote Fan.c"
 606  0051  3553        	clr [83].2
 608  0052              #line 608 "c:\users\christon\downloads\projects\remote fan\remote fan\global(longway)\Remote Fan.c"
 608  0052  3226        	set [38].4
 609  0053              #line 609 "c:\users\christon\downloads\projects\remote fan\remote fan\global(longway)\Remote Fan.c"
 609  0053  3512        	clr [18].2
 610  0054              #line 610 "c:\users\christon\downloads\projects\remote fan\remote fan\global(longway)\Remote Fan.c"
 610  0054  3523        	clr [35].2
 610  0055  34A3        	clr [35].1
 610  0056  3423        	clr [35].0
 611  0057              #line 611 "c:\users\christon\downloads\projects\remote fan\remote fan\global(longway)\Remote Fan.c"
 611  0057  32A2        	set [34].5
 612  0058              #line 612 "c:\users\christon\downloads\projects\remote fan\remote fan\global(longway)\Remote Fan.c"
 612  0058  37A3        	clr [35].7
 612  0059  3723        	clr [35].6
 612  005A  32A3        	set [35].5
 612  005B  3223        	set [35].4
 613  005C              #line 613 "c:\users\christon\downloads\projects\remote fan\remote fan\global(longway)\Remote Fan.c"
 613  005C  31A2        	set [34].3
 613  005D  3522        	clr [34].2
 613  005E  34A2        	clr [34].1
 613  005F  3422        	clr [34].0
 614  0060              #line 614 "c:\users\christon\downloads\projects\remote fan\remote fan\global(longway)\Remote Fan.c"
"File: Remote Fan.c  Assembler  Version HGASM0202      Page 9

 614  0060  3222        	set [34].4
 615  0061              #line 615 "c:\users\christon\downloads\projects\remote fan\remote fan\global(longway)\Remote Fan.c"
 615  0061  35A4        	clr [36].3
 615  0062  3524        	clr [36].2
 617  0063              #line 617 "c:\users\christon\downloads\projects\remote fan\remote fan\global(longway)\Remote Fan.c"
 617  0063  37A4        	clr [36].7
 622  0064              #line 622 "c:\users\christon\downloads\projects\remote fan\remote fan\global(longway)\Remote Fan.c"
 622  0064  3112        	set [18].2
 625  0065              #line 625 "c:\users\christon\downloads\projects\remote fan\remote fan\global(longway)\Remote Fan.c"
 625  0065  0F02        	mov a,2
 625  0066  00E6        	mov [102],a
 626  0067              #line 626 "c:\users\christon\downloads\projects\remote fan\remote fan\global(longway)\Remote Fan.c"
 626  0067  0F80        	mov a,128
 626  0068  009B        	mov [27],a
 627  0069              #line 627 "c:\users\christon\downloads\projects\remote fan\remote fan\global(longway)\Remote Fan.c"
 627  0069  3192        	set [18].3
 627  006A  0003        	ret
 627  006B              _sysInit endp
 627  006B              #line 627 "c:\users\christon\downloads\projects\remote fan\remote fan\global(longway)\Remote Fan.c"
 627  006B              #pragma debug scope 1 1
 627  006B              ___pb equ [37]
 627  0000              @crom	.section 'crom'
 627  0000              _LC0:
 627  0000              	db 069h,072h,044h,061h,074h,061h,03ah,020h,00h
 627  0005              public _main
 627  0005              #pragma debug scope 10 1
  43  0005              #line 43 "c:\users\christon\downloads\projects\remote fan\remote fan\global(longway)\Remote Fan.c"
  43  0005              IFDEF WITH_DEFAULT_STARTUP
  43  0005              extern _main_initial0:near
  43  0005              extern _main_startup:near
  43  0005              ENDIF
  43  0005              
  43  0005              ROMBANK 0 @start
  43  0000              @start .section com_l 'code'
  43  0000              _main_startup1:
  43  0000              @start .section com_e 'code'
  43  0000  2800     R  	jmp _main
  43  0001              
  43  0000              _main .section 'code'
  43  0000              _main proc
  52  0000              #line 52 "c:\users\christon\downloads\projects\remote fan\remote fan\global(longway)\Remote Fan.c"
  52  0000  2000     R  	call _sysInit
  53  0001              #line 53 "c:\users\christon\downloads\projects\remote fan\remote fan\global(longway)\Remote Fan.c"
  53  0001  3400     R  	clr _powerBtn
  56  0002              #line 56 "c:\users\christon\downloads\projects\remote fan\remote fan\global(longway)\Remote Fan.c"
  56  0002  0F00        	mov a,0
  56  0003  2000     E  	call _EEReadChar
  56  0004  0080     E  	mov ra,a
  56  0005  0700     E  	mov a,ra
  56  0006  0080     R  	mov _lastSpeed[0],a
  60  0007              #line 60 "c:\users\christon\downloads\projects\remote fan\remote fan\global(longway)\Remote Fan.c"
  60  0007  0F05        	mov a,5
  60  0008  2000     E  	call _EEReadChar
  60  0009  0080     E  	mov ra,a
  60  000A  0700     E  	mov a,ra
  60  000B  0080     E  	mov _toggle[0],a
  64  000C              #line 64 "c:\users\christon\downloads\projects\remote fan\remote fan\global(longway)\Remote Fan.c"
  64  000C  1500     R  	deca _lastSpeed[0]
  64  000D  0080     E  	mov ra,a
  64  000E  0F04        	mov a,4
"File: Remote Fan.c  Assembler  Version HGASM0202      Page 10

  64  000F  0200     E  	sub a,ra
  64  0010  3C0A        	sz c
  64  0011  2800     R  	jmp _L17
  65  0012              #line 65 "c:\users\christon\downloads\projects\remote fan\remote fan\global(longway)\Remote Fan.c"
  65  0012  0F05        	mov a,5
  65  0013  0080     R  	mov _lastSpeed[0],a
  65  0014              _L17:
  76  0014              #line 76 "c:\users\christon\downloads\projects\remote fan\remote fan\global(longway)\Remote Fan.c"
  76  0014  0700     R  	mov a,_lastSpeed[0]
  76  0015  0080     E  	mov rb,a
  76  0016  1F00     E  	clr rc
  76  0017  0700     E  	mov a,rb
  76  0018  0080     R  	mov _fanSpeed[0],a
  77  0019              #line 77 "c:\users\christon\downloads\projects\remote fan\remote fan\global(longway)\Remote Fan.c"
  77  0019  35A5        	clr [37].3
  78  001A              #line 78 "c:\users\christon\downloads\projects\remote fan\remote fan\global(longway)\Remote Fan.c"
  78  001A  3400     R  	clr _LED_FLAG
  79  001B              #line 79 "c:\users\christon\downloads\projects\remote fan\remote fan\global(longway)\Remote Fan.c"
  79  001B  1F00     R  	clr _ms240_temp[0]
  80  001C              #line 80 "c:\users\christon\downloads\projects\remote fan\remote fan\global(longway)\Remote Fan.c"
  80  001C  1F00     R  	clr _ms400_temp[0]
  81  001D              #line 81 "c:\users\christon\downloads\projects\remote fan\remote fan\global(longway)\Remote Fan.c"
  81  001D  3794        	clr [20].7
  82  001E              #line 82 "c:\users\christon\downloads\projects\remote fan\remote fan\global(longway)\Remote Fan.c"
  82  001E  3000     R  	set _LED_INDICATON_FLAG
  83  001F              #line 83 "c:\users\christon\downloads\projects\remote fan\remote fan\global(longway)\Remote Fan.c"
  83  001F  340A        	clr c
  83  0020  1A00     E  	rlca rb
  83  0021  0080     R  	mov _change[0],a
  83  0022  1A00     E  	rlca rc
  83  0023  0080     R  	mov _change[1],a
  84  0024              #line 84 "c:\users\christon\downloads\projects\remote fan\remote fan\global(longway)\Remote Fan.c"
  84  0024  1F00     R  	clr _buzz_count[0]
  84  0025  1F00     R  	clr _buzz_count[1]
  85  0026              #line 85 "c:\users\christon\downloads\projects\remote fan\remote fan\global(longway)\Remote Fan.c"
  85  0026  1F00     R  	clr _BUZZ_STOP[0]
  85  0027  1F00     R  	clr _BUZZ_STOP[1]
  86  0028              #line 86 "c:\users\christon\downloads\projects\remote fan\remote fan\global(longway)\Remote Fan.c"
  86  0028  3400     R  	clr _BUZZ_FLAG
  87  0029              #line 87 "c:\users\christon\downloads\projects\remote fan\remote fan\global(longway)\Remote Fan.c"
  87  0029  3400     R  	clr _write_flag
  87  002A              _L18:
 112  002A              #line 112 "c:\users\christon\downloads\projects\remote fan\remote fan\global(longway)\Remote Fan.c"
 112  002A  0700     R  	mov a,_ms8_counter[0]
 112  002B  0300     R  	add a,_ms240_temp[0]
 112  002C  0080     E  	mov rb,a
 112  002D  0700     E  	mov a,rb
 112  002E  0080     R  	mov _ms240_temp[0],a
 113  002F              #line 113 "c:\users\christon\downloads\projects\remote fan\remote fan\global(longway)\Remote Fan.c"
 113  002F  0700     R  	mov a,_ms8_counter[0]
 113  0030  0300     R  	add a,_ms400_temp[0]
 113  0031  0080     E  	mov ra,a
 113  0032  0700     E  	mov a,ra
 113  0033  0080     R  	mov _ms400_temp[0],a
 114  0034              #line 114 "c:\users\christon\downloads\projects\remote fan\remote fan\global(longway)\Remote Fan.c"
 114  0034  1F00     R  	clr _ms8_counter[0]
 114  0035  1F00     R  	clr _ms8_counter[1]
 120  0036              #line 120 "c:\users\christon\downloads\projects\remote fan\remote fan\global(longway)\Remote Fan.c"
 120  0036  1F00     E  	clr _builtin_holtek_udivmodqi4_2[3]
 120  0037  0700     E  	mov a,rb
"File: Remote Fan.c  Assembler  Version HGASM0202      Page 11

 120  0038  0080     E  	mov _builtin_holtek_udivmodqi4_2[0],a
 120  0039  0F1E        	mov a,30
 120  003A  0080     E  	mov _builtin_holtek_udivmodqi4_2[1],a
 120  003B  2000     E  	call _builtin_holtek_udivmodqi4
 120  003C  0700     E  	mov a,_builtin_holtek_udivmodqi4_2[2]
 120  003D  0080     E  	mov rc,a
 120  003E  1080     E  	sz rc
 120  003F  2800     R  	jmp _L19
 120  0040  1E00     E  	snz rb
 120  0041  2800     R  	jmp _L19
 122  0042              #line 122 "c:\users\christon\downloads\projects\remote fan\remote fan\global(longway)\Remote Fan.c"
 122  0042  1F00     R  	clr _ms240_temp[0]
 123  0043              #line 123 "c:\users\christon\downloads\projects\remote fan\remote fan\global(longway)\Remote Fan.c"
 123  0043  3000     R  	set _ms240_flag
 123  0044  2800     R  	jmp _L20
 123  0045              _L19:
 126  0045              #line 126 "c:\users\christon\downloads\projects\remote fan\remote fan\global(longway)\Remote Fan.c"
 126  0045  3400     R  	clr _ms240_flag
 126  0046              _L20:
 128  0046              #line 128 "c:\users\christon\downloads\projects\remote fan\remote fan\global(longway)\Remote Fan.c"
 128  0046  1F00     E  	clr _builtin_holtek_udivmodqi4_2[3]
 128  0047  0700     E  	mov a,ra
 128  0048  0080     E  	mov _builtin_holtek_udivmodqi4_2[0],a
 128  0049  0F32        	mov a,50
 128  004A  0080     E  	mov _builtin_holtek_udivmodqi4_2[1],a
 128  004B  2000     E  	call _builtin_holtek_udivmodqi4
 128  004C  0700     E  	mov a,_builtin_holtek_udivmodqi4_2[2]
 128  004D  0080     E  	mov rb,a
 128  004E  1080     E  	sz rb
 128  004F  2800     R  	jmp _L21
 128  0050  1E00     E  	snz ra
 128  0051  2800     R  	jmp _L21
 130  0052              #line 130 "c:\users\christon\downloads\projects\remote fan\remote fan\global(longway)\Remote Fan.c"
 130  0052  1F00     R  	clr _ms400_temp[0]
 131  0053              #line 131 "c:\users\christon\downloads\projects\remote fan\remote fan\global(longway)\Remote Fan.c"
 131  0053  3000     R  	set _ms400_flag
 131  0054  2800     R  	jmp _L22
 131  0055              _L21:
 134  0055              #line 134 "c:\users\christon\downloads\projects\remote fan\remote fan\global(longway)\Remote Fan.c"
 134  0055  3400     R  	clr _ms400_flag
 134  0056              _L22:
 137  0056              #line 137 "c:\users\christon\downloads\projects\remote fan\remote fan\global(longway)\Remote Fan.c"
 137  0056  3800     R  	snz _ms400_flag
 137  0057  2800     R  	jmp _L23
 139  0058              #line 139 "c:\users\christon\downloads\projects\remote fan\remote fan\global(longway)\Remote Fan.c"
 139  0058  3000     R  	set _write_flag
 139  0059              _L23:
 180  0059              #line 180 "c:\users\christon\downloads\projects\remote fan\remote fan\global(longway)\Remote Fan.c"
 180  0059  3A98        	snz [24].5
 180  005A  2800     R  	jmp _L24
 180  005B  3800     R  	snz _write_flag
 180  005C  2800     R  	jmp _L24
 185  005D              #line 185 "c:\users\christon\downloads\projects\remote fan\remote fan\global(longway)\Remote Fan.c"
 185  005D  0700     R  	mov a,_fanSpeed[0]
 185  005E  0080     E  	mov ra,a
 185  005F  0700     R  	mov a,_lastSpeed[0]
 185  0060  0200     E  	sub a,ra
 185  0061  3D0A        	sz z
 185  0062  2800     R  	jmp _L25
 185  0063  1E00     E  	snz ra
"File: Remote Fan.c  Assembler  Version HGASM0202      Page 12

 185  0064  2800     R  	jmp _L25
 186  0065              #line 186 "c:\users\christon\downloads\projects\remote fan\remote fan\global(longway)\Remote Fan.c"
 186  0065  0700     E  	mov a,ra
 186  0066  0080     E  	mov _EEWriteChar_2[0],a
 186  0067  0F00        	mov a,0
 186  0068  2000     E  	call _EEWriteChar
 186  0069              _L25:
 189  0069              #line 189 "c:\users\christon\downloads\projects\remote fan\remote fan\global(longway)\Remote Fan.c"
 189  0069  0700     E  	mov a,_toggle[0]
 189  006A  0080     E  	mov _writeDataFlashInt_2[0],a
 189  006B  1F00     E  	clr _writeDataFlashInt_2[1]
 189  006C  0F05        	mov a,5
 189  006D  2000     E  	call _writeDataFlashInt
 190  006E              #line 190 "c:\users\christon\downloads\projects\remote fan\remote fan\global(longway)\Remote Fan.c"
 190  006E  3400     R  	clr _write_flag
 190  006F              _L24:
 194  006F              #line 194 "c:\users\christon\downloads\projects\remote fan\remote fan\global(longway)\Remote Fan.c"
 194  006F  3A98        	snz [24].5
 194  0070  2800     R  	jmp _L26
 196  0071              #line 196 "c:\users\christon\downloads\projects\remote fan\remote fan\global(longway)\Remote Fan.c"
 196  0071  1F00     R  	clr _fanSpeed[0]
 203  0072              #line 203 "c:\users\christon\downloads\projects\remote fan\remote fan\global(longway)\Remote Fan.c"
 203  0072  31A5        	set [37].3
 203  0073              _L26:
 211  0073              #line 211 "c:\users\christon\downloads\projects\remote fan\remote fan\global(longway)\Remote Fan.c"
 211  0073  3800     R  	snz _ms240_flag
 211  0074  2800     R  	jmp _L18
 211  0075  3C00     R  	sz _wait_flag
 211  0076  2800     R  	jmp _L18
 213  0077              #line 213 "c:\users\christon\downloads\projects\remote fan\remote fan\global(longway)\Remote Fan.c"
 213  0077  0F00     E  	mov a,low offset _irData
 213  0078  0080     E  	mov _getIrRemotedata_2[0],a
 213  0079  0F00     E  	mov a,high offset _irData
 213  007A  0080     E  	mov _getIrRemotedata_2[1],a
 213  007B  2000     E  	call _getIrRemotedata
 213  007C  0080     E  	mov ra,a
 213  007D  1700     E  	sdza ra
 213  007E  2800     R  	jmp _L28
 218  007F              #line 218 "c:\users\christon\downloads\projects\remote fan\remote fan\global(longway)\Remote Fan.c"
 218  007F  3000     R  	set _LED_INDICATON_FLAG
 220  0080              #line 220 "c:\users\christon\downloads\projects\remote fan\remote fan\global(longway)\Remote Fan.c"
 220  0080  1F00     R  	clr _change_count[0]
 220  0081  1F00     R  	clr _change_count[1]
 221  0082              #line 221 "c:\users\christon\downloads\projects\remote fan\remote fan\global(longway)\Remote Fan.c"
 221  0082  0F02        	mov a,2
 221  0083  0080     R  	mov _change[0],a
 221  0084  1F00     R  	clr _change[1]
 222  0085              #line 222 "c:\users\christon\downloads\projects\remote fan\remote fan\global(longway)\Remote Fan.c"
 222  0085  0700     E  	mov a,_irData[0]
 222  0086  0080     E  	mov _irKeyProcess_2[0],a
 222  0087  0700     E  	mov a,_irData[1]
 222  0088  0080     E  	mov _irKeyProcess_2[1],a
 222  0089  0700     E  	mov a,_irData[2]
 222  008A  0080     E  	mov _irKeyProcess_2[2],a
 222  008B  0700     E  	mov a,_irData[3]
 222  008C  0080     E  	mov _irKeyProcess_2[3],a
 222  008D  2000     E  	call _irKeyProcess
 223  008E              #line 223 "c:\users\christon\downloads\projects\remote fan\remote fan\global(longway)\Remote Fan.c"
 223  008E  0700     E  	mov a,_irData[0]
 223  008F  0080     E  	mov _uart1_put_value_2[2],a
"File: Remote Fan.c  Assembler  Version HGASM0202      Page 13

 223  0090  0700     E  	mov a,_irData[1]
 223  0091  0080     E  	mov _uart1_put_value_2[3],a
 223  0092  0700     E  	mov a,_irData[2]
 223  0093  0080     E  	mov _uart1_put_value_2[4],a
 223  0094  0700     E  	mov a,_irData[3]
 223  0095  0080     E  	mov _uart1_put_value_2[5],a
 223  0096  0F00     R  	mov a,low offset _LC0
 223  0097  0080     E  	mov _uart1_put_value_2[0],a
 223  0098  0F00     R  	mov a,high offset _LC0
 223  0099  0080     E  	mov _uart1_put_value_2[1],a
 223  009A  2000     E  	call _uart1_put_value
 223  009B              _L28:
 230  009B              #line 230 "c:\users\christon\downloads\projects\remote fan\remote fan\global(longway)\Remote Fan.c"
 230  009B  3800     R  	snz _BUZZ_FLAG
 230  009C  2800     R  	jmp _L29
 232  009D              #line 232 "c:\users\christon\downloads\projects\remote fan\remote fan\global(longway)\Remote Fan.c"
 232  009D  3394        	set [20].7
 233  009E              #line 233 "c:\users\christon\downloads\projects\remote fan\remote fan\global(longway)\Remote Fan.c"
 233  009E  1480     R  	inc _buzz_count[0]
 233  009F  3D0A        	sz z
 233  00A0  1480     R  	inc _buzz_count[1]
 233  00A1              _L29:
 235  00A1              #line 235 "c:\users\christon\downloads\projects\remote fan\remote fan\global(longway)\Remote Fan.c"
 235  00A1  0700     R  	mov a,_buzz_count[0]
 235  00A2  0200     R  	sub a,_BUZZ_STOP[0]
 235  00A3  0700     R  	mov a,_buzz_count[1]
 235  00A4  1200     R  	sbc a,_BUZZ_STOP[1]
 235  00A5  3B0A        	snz cz
 235  00A6  2800     R  	jmp _L30
 237  00A7              #line 237 "c:\users\christon\downloads\projects\remote fan\remote fan\global(longway)\Remote Fan.c"
 237  00A7  3794        	clr [20].7
 238  00A8              #line 238 "c:\users\christon\downloads\projects\remote fan\remote fan\global(longway)\Remote Fan.c"
 238  00A8  1F00     R  	clr _buzz_count[0]
 238  00A9  1F00     R  	clr _buzz_count[1]
 239  00AA              #line 239 "c:\users\christon\downloads\projects\remote fan\remote fan\global(longway)\Remote Fan.c"
 239  00AA  3400     R  	clr _BUZZ_FLAG
 239  00AB              _L30:
 241  00AB              #line 241 "c:\users\christon\downloads\projects\remote fan\remote fan\global(longway)\Remote Fan.c"
 241  00AB  3800     R  	snz _LED_INDICATON_FLAG
 241  00AC  2800     R  	jmp _L31
 241  00AD  0700     R  	mov a,_change_count[0]
 241  00AE  0080     E  	mov rb,a
 241  00AF  0700     R  	mov a,_change_count[1]
 241  00B0  0080     E  	mov rc,a
 241  00B1  0700     E  	mov a,rb
 241  00B2  0200     R  	sub a,_change[0]
 241  00B3  0700     E  	mov a,rc
 241  00B4  1200     R  	sbc a,_change[1]
 241  00B5  3C0A        	sz c
 241  00B6  2800     R  	jmp _L31
 241  00B7  3C00     R  	sz _LED_FLAG
 241  00B8  2800     R  	jmp _LI1
 241  00B9  3000     R  	set _LED_FLAG
 241  00BA  2800     R  	jmp _LI2
 241  00BB              _LI1:
 241  00BB  3400     R  	clr _LED_FLAG
 241  00BC              _LI2:
 244  00BC              #line 244 "c:\users\christon\downloads\projects\remote fan\remote fan\global(longway)\Remote Fan.c"
 244  00BC  0F01        	mov a,1
 244  00BD  0300     E  	add a,rb
"File: Remote Fan.c  Assembler  Version HGASM0202      Page 14

 244  00BE  0080     R  	mov _change_count[0],a
 244  00BF  0F00        	mov a,0
 244  00C0  1300     E  	adc a,rc
 244  00C1  0080     R  	mov _change_count[1],a
 244  00C2              _L31:
 262  00C2              #line 262 "c:\users\christon\downloads\projects\remote fan\remote fan\global(longway)\Remote Fan.c"
 262  00C2  0700     R  	mov a,_change_count[0]
 262  00C3  0200     R  	sub a,_change[0]
 262  00C4  0700     R  	mov a,_change_count[1]
 262  00C5  1200     R  	sbc a,_change[1]
 262  00C6  3B0A        	snz cz
 262  00C7  2800     R  	jmp _L32
 264  00C8              #line 264 "c:\users\christon\downloads\projects\remote fan\remote fan\global(longway)\Remote Fan.c"
 264  00C8  1F00     R  	clr _change_count[0]
 264  00C9  1F00     R  	clr _change_count[1]
 265  00CA              #line 265 "c:\users\christon\downloads\projects\remote fan\remote fan\global(longway)\Remote Fan.c"
 265  00CA  3400     R  	clr _LED_INDICATON_FLAG
 265  00CB              _L32:
 269  00CB              #line 269 "c:\users\christon\downloads\projects\remote fan\remote fan\global(longway)\Remote Fan.c"
 269  00CB  1700     E  	sdza _toggle[0]
 269  00CC  2800     R  	jmp _L33
 269  00CD  3C00     R  	sz _LED_INDICATON_FLAG
 269  00CE  2800     R  	jmp _L33
 269  00CF  3C00     R  	sz _powerBtn
 269  00D0  2800     R  	jmp _L33
 270  00D1              #line 270 "c:\users\christon\downloads\projects\remote fan\remote fan\global(longway)\Remote Fan.c"
 270  00D1  3000     R  	set _LED_FLAG
 270  00D2              _L33:
 272  00D2              #line 272 "c:\users\christon\downloads\projects\remote fan\remote fan\global(longway)\Remote Fan.c"
 272  00D2  3800     R  	snz _LED_FLAG
 272  00D3  2800     R  	jmp _L34
 274  00D4              #line 274 "c:\users\christon\downloads\projects\remote fan\remote fan\global(longway)\Remote Fan.c"
 274  00D4  31A5        	set [37].3
 274  00D5  2800     R  	jmp _L18
 274  00D6              _L34:
 278  00D6              #line 278 "c:\users\christon\downloads\projects\remote fan\remote fan\global(longway)\Remote Fan.c"
 278  00D6  35A5        	clr [37].3
 278  00D7  2800     R  	jmp _L18
 278  00D8  2800     R  	jmp $
 278  00D9              _main endp
 278  00D9              
 278  00D9              @dummy endp
 278  00D9              
 278  00D9              #line 278 "c:\users\christon\downloads\projects\remote fan\remote fan\global(longway)\Remote Fan.c"
 278  00D9              #pragma debug scope 1 1
 278  00D9              public _ms8_counter
 278  0000              @HCCINIT	.section 'data'
  31  0000              #line 31 "c:\users\christon\downloads\projects\remote fan\remote fan\global(longway)\Remote Fan.c"
  31  0000              @HCCINIT_ms8_counter .section 'data'
  31  0000              _ms8_counter label byte
  31  0000              #pragma debug variable 12 1 _ms8_counter "ms8_counter"
  31  0000              	db 0
  31  0000              @ROMDATA_BASE .section inpage 'code'
  31  0000              	db 0
  31  0001              @HCCINIT_ms8_counter .section 'data'
  31  0001              	db 0
  31  0001              @ROMDATA_BASE .section inpage 'code'
  31  0001              	db 0
  31  0002              @HCCINIT_ms8_counter .section 'data'
  31  0002              public _write_count
"File: Remote Fan.c  Assembler  Version HGASM0202      Page 15

  31  0002              #line 31 "c:\users\christon\downloads\projects\remote fan\remote fan\global(longway)\Remote Fan.c"
  31  0000              @HCCINIT_write_count .section 'data'
  31  0000              _write_count label byte
  31  0000              #pragma debug variable 12 1 _write_count "write_count"
  31  0000              	db 0
  31  0001              @ROMDATA_BASE .section inpage 'code'
  31  0001              	db 0
  31  0001              @HCCINIT_write_count .section 'data'
  31  0001              	db 0
  31  0002              @ROMDATA_BASE .section inpage 'code'
  31  0002              	db 0
  31  0002              @HCCINIT_write_count .section 'data'
  31  0002              public _j
  31  0002              #line 31 "c:\users\christon\downloads\projects\remote fan\remote fan\global(longway)\Remote Fan.c"
  31  0000              @HCCINIT_j .section 'data'
  31  0000              _j label byte
  31  0000              #pragma debug variable 12 1 _j "j"
  31  0000              	db 0
  31  0002              @ROMDATA_BASE .section inpage 'code'
  31  0002              	db 0
  31  0001              @HCCINIT_j .section 'data'
  31  0001              	db 0
  31  0003              @ROMDATA_BASE .section inpage 'code'
  31  0003              	db 0
  31  0002              @HCCINIT_j .section 'data'
  31  0002              public _i
  31  0002              #line 31 "c:\users\christon\downloads\projects\remote fan\remote fan\global(longway)\Remote Fan.c"
  31  0000              @HCCINIT_i .section 'data'
  31  0000              _i label byte
  31  0000              #pragma debug variable 12 1 _i "i"
  31  0000              	db 0
  31  0003              @ROMDATA_BASE .section inpage 'code'
  31  0003              	db 0
  31  0001              @HCCINIT_i .section 'data'
  31  0001              	db 0
  31  0004              @ROMDATA_BASE .section inpage 'code'
  31  0004              	db 0
  31  0002              @HCCINIT_i .section 'data'
  31  0002              public _wait_flag
  30  0002              #line 30 "c:\users\christon\downloads\projects\remote fan\remote fan\global(longway)\Remote Fan.c"
  30  0000              @BITDATASEC .section 'data'
  30  0000  00          _wait_flag	dbit 0
  30  0001              #pragma debug variable 2 1 _wait_flag "wait_flag"
  30  0001              public _ms400_flag
  30  0001              #line 30 "c:\users\christon\downloads\projects\remote fan\remote fan\global(longway)\Remote Fan.c"
  30  0001              @BITDATASEC .section 'data'
  30  0000              _ms400_flag	dbit 0
  30  0001              #pragma debug variable 2 1 _ms400_flag "ms400_flag"
  30  0001              public _ms240_flag
  30  0001              #line 30 "c:\users\christon\downloads\projects\remote fan\remote fan\global(longway)\Remote Fan.c"
  30  0001              @BITDATASEC .section 'data'
  30  0000              _ms240_flag	dbit 0
  30  0001              #pragma debug variable 2 1 _ms240_flag "ms240_flag"
  30  0001              public _ms120_flag
  30  0001              #line 30 "c:\users\christon\downloads\projects\remote fan\remote fan\global(longway)\Remote Fan.c"
  30  0001              @BITDATASEC .section 'data'
  30  0000              _ms120_flag	dbit 0
  30  0001              #pragma debug variable 2 1 _ms120_flag "ms120_flag"
  30  0001              public _ms8_flag
  30  0001              #line 30 "c:\users\christon\downloads\projects\remote fan\remote fan\global(longway)\Remote Fan.c"
"File: Remote Fan.c  Assembler  Version HGASM0202      Page 16

  30  0001              @BITDATASEC .section 'data'
  30  0000              _ms8_flag	dbit 0
  30  0001              #pragma debug variable 2 1 _ms8_flag "ms8_flag"
  30  0001              public _LED_FLAG
  30  0001              #line 30 "c:\users\christon\downloads\projects\remote fan\remote fan\global(longway)\Remote Fan.c"
  30  0001              @BITDATASEC .section 'data'
  30  0000              _LED_FLAG	dbit 0
  30  0001              #pragma debug variable 2 1 _LED_FLAG "LED_FLAG"
  30  0001              public _write_flag
  29  0001              #line 29 "c:\users\christon\downloads\projects\remote fan\remote fan\global(longway)\Remote Fan.c"
  29  0001              @BITDATASEC .section 'data'
  29  0000              _write_flag	dbit 0
  29  0001              #pragma debug variable 2 1 _write_flag "write_flag"
  29  0001              public _BUZZ_FLAG
  29  0001              #line 29 "c:\users\christon\downloads\projects\remote fan\remote fan\global(longway)\Remote Fan.c"
  29  0001              @BITDATASEC .section 'data'
  29  0000              _BUZZ_FLAG	dbit 0
  29  0001              #pragma debug variable 2 1 _BUZZ_FLAG "BUZZ_FLAG"
  29  0001              public _change
  28  0001              #line 28 "c:\users\christon\downloads\projects\remote fan\remote fan\global(longway)\Remote Fan.c"
  28  0000              @HCCINIT_change .section 'data'
  28  0000              _change label byte
  28  0000              #pragma debug variable 12 1 _change "change"
  28  0000              	db 0
  28  0004              @ROMDATA_BASE .section inpage 'code'
  28  0004              	db 0
  28  0001              @HCCINIT_change .section 'data'
  28  0001              	db 0
  28  0005              @ROMDATA_BASE .section inpage 'code'
  28  0005              	db 0
  28  0002              @HCCINIT_change .section 'data'
  28  0002              public _change_count
  28  0002              #line 28 "c:\users\christon\downloads\projects\remote fan\remote fan\global(longway)\Remote Fan.c"
  28  0000              @HCCINIT_change_count .section 'data'
  28  0000              _change_count label byte
  28  0000              #pragma debug variable 12 1 _change_count "change_count"
  28  0000              	db 0
  28  0005              @ROMDATA_BASE .section inpage 'code'
  28  0005              	db 0
  28  0001              @HCCINIT_change_count .section 'data'
  28  0001              	db 0
  28  0006              @ROMDATA_BASE .section inpage 'code'
  28  0006              	db 0
  28  0002              @HCCINIT_change_count .section 'data'
  28  0002              public _BUZZ_STOP
  28  0002              #line 28 "c:\users\christon\downloads\projects\remote fan\remote fan\global(longway)\Remote Fan.c"
  28  0000              @HCCINIT_BUZZ_STOP .section 'data'
  28  0000              _BUZZ_STOP label byte
  28  0000              #pragma debug variable 12 1 _BUZZ_STOP "BUZZ_STOP"
  28  0000              	db 0
  28  0006              @ROMDATA_BASE .section inpage 'code'
  28  0006              	db 0
  28  0001              @HCCINIT_BUZZ_STOP .section 'data'
  28  0001              	db 0
  28  0007              @ROMDATA_BASE .section inpage 'code'
  28  0007              	db 0
  28  0002              @HCCINIT_BUZZ_STOP .section 'data'
  28  0002              public _buzz_count
  28  0002              #line 28 "c:\users\christon\downloads\projects\remote fan\remote fan\global(longway)\Remote Fan.c"
  28  0000              @HCCINIT_buzz_count .section 'data'
"File: Remote Fan.c  Assembler  Version HGASM0202      Page 17

  28  0000              _buzz_count label byte
  28  0000              #pragma debug variable 12 1 _buzz_count "buzz_count"
  28  0000              	db 0
  28  0007              @ROMDATA_BASE .section inpage 'code'
  28  0007              	db 0
  28  0001              @HCCINIT_buzz_count .section 'data'
  28  0001              	db 0
  28  0008              @ROMDATA_BASE .section inpage 'code'
  28  0008              	db 0
  28  0002              @HCCINIT_buzz_count .section 'data'
  28  0002              public _SQR_MIN_VAL
  27  0002              #line 27 "c:\users\christon\downloads\projects\remote fan\remote fan\global(longway)\Remote Fan.c"
  27  0000              @HCCINIT_SQR_MIN_VAL .section 'data'
  27  0000              _SQR_MIN_VAL label byte
  27  0000              #pragma debug variable 12 1 _SQR_MIN_VAL "SQR_MIN_VAL"
  27  0000              	dw 825
  27  0008              @ROMDATA_BASE .section inpage 'code'
  27  0008  0339        	dc 825
  27  0002              @HCCINIT_SQR_MIN_VAL .section 'data'
  27  0002              public _SQR_MIN_COUNT
  27  0002              #line 27 "c:\users\christon\downloads\projects\remote fan\remote fan\global(longway)\Remote Fan.c"
  27  0000              @HCCINIT_SQR_MIN_COUNT .section 'data'
  27  0000              _SQR_MIN_COUNT label byte
  27  0000              #pragma debug variable 12 1 _SQR_MIN_COUNT "SQR_MIN_COUNT"
  27  0000              	dw 105
  27  0009              @ROMDATA_BASE .section inpage 'code'
  27  0009  0069        	dc 105
  27  0002              @HCCINIT_SQR_MIN_COUNT .section 'data'
  27  0002              public _disp_count
  27  0002              #line 27 "c:\users\christon\downloads\projects\remote fan\remote fan\global(longway)\Remote Fan.c"
  27  0000              @HCCINIT_disp_count .section 'data'
  27  0000              _disp_count label byte
  27  0000              #pragma debug variable 12 1 _disp_count "disp_count"
  27  0000              	db 0
  27  000A              @ROMDATA_BASE .section inpage 'code'
  27  000A              	db 0
  27  0001              @HCCINIT_disp_count .section 'data'
  27  0001              	db 0
  27  000B              @ROMDATA_BASE .section inpage 'code'
  27  000B              	db 0
  27  0002              @HCCINIT_disp_count .section 'data'
  27  0002              public _timer_count
  26  0002              #line 26 "c:\users\christon\downloads\projects\remote fan\remote fan\global(longway)\Remote Fan.c"
  26  0000              @HCCINIT_timer_count .section 'data'
  26  0000              _timer_count label byte
  26  0000              #pragma debug variable 12 1 _timer_count "timer_count"
  26  0000              	db 0
  26  000B              @ROMDATA_BASE .section inpage 'code'
  26  000B              	db 0
  26  0001              @HCCINIT_timer_count .section 'data'
  26  0001              	db 0
  26  000C              @ROMDATA_BASE .section inpage 'code'
  26  000C              	db 0
  26  0002              @HCCINIT_timer_count .section 'data'
  26  0002              public _count
  26  0002              #line 26 "c:\users\christon\downloads\projects\remote fan\remote fan\global(longway)\Remote Fan.c"
  26  0000              @HCCINIT_count .section 'data'
  26  0000              _count label byte
  26  0000              #pragma debug variable 12 1 _count "count"
  26  0000              	db 0
"File: Remote Fan.c  Assembler  Version HGASM0202      Page 18

  26  000C              @ROMDATA_BASE .section inpage 'code'
  26  000C              	db 0
  26  0001              @HCCINIT_count .section 'data'
  26  0001              	db 0
  26  000D              @ROMDATA_BASE .section inpage 'code'
  26  000D              	db 0
  26  0002              @HCCINIT_count .section 'data'
  25  0002              #line 25 "c:\users\christon\downloads\projects\remote fan\remote fan\global(longway)\Remote Fan.c"
  25  0002              public _keyPressIndiVal
  25  0000              @HCCINIT0_keyPressIndiVal .section 'data'
  25  0000  0004[       _keyPressIndiVal	db 4 dup(0)
            00
            ]
  25  0004              #pragma debug variable 14 1 _keyPressIndiVal "keyPressIndiVal"
  25  0004              
  25  0000              @HCCINIT .section 'data'
  25  0000              public _volts_read
  24  0000              #line 24 "c:\users\christon\downloads\projects\remote fan\remote fan\global(longway)\Remote Fan.c"
  24  0000              @HCCINIT_volts_read .section 'data'
  24  0000              _volts_read label byte
  24  0000              #pragma debug variable 12 1 _volts_read "volts_read"
  24  0000              	db 0
  24  000D              @ROMDATA_BASE .section inpage 'code'
  24  000D              	db 0
  24  0001              @HCCINIT_volts_read .section 'data'
  24  0001              	db 0
  24  000E              @ROMDATA_BASE .section inpage 'code'
  24  000E              	db 0
  24  0002              @HCCINIT_volts_read .section 'data'
  24  0002              #line 24 "c:\users\christon\downloads\projects\remote fan\remote fan\global(longway)\Remote Fan.c"
  24  0002              public _timerModeCounter
  24  0000              @HCCINIT0_timerModeCounter .section 'data'
  24  0000  0002[       _timerModeCounter	db 2 dup(0)
            00
            ]
  24  0002              #pragma debug variable 12 1 _timerModeCounter "timerModeCounter"
  24  0002              
  24  0000              @HCCINIT .section 'data'
  24  0000              public _LED_INDICATON_FLAG
  23  0000              #line 23 "c:\users\christon\downloads\projects\remote fan\remote fan\global(longway)\Remote Fan.c"
  23  0001              @BITDATASEC .section 'data'
  23  0001  00          _LED_INDICATON_FLAG	dbit 0
  23  0002              #pragma debug variable 2 1 _LED_INDICATON_FLAG "LED_INDICATON_FLAG"
  23  0002              #line 23 "c:\users\christon\downloads\projects\remote fan\remote fan\global(longway)\Remote Fan.c"
  23  0002              public _fanModeFlag
  23  0002              @BITDATASEC .section 'data'
  23  0001              _fanModeFlag	dbit 0
  23  0002              #pragma debug variable 2 1 _fanModeFlag "fanModeFlag"
  23  0002              
  23  0000              @HCCINIT .section 'data'
  23  0000              #line 23 "c:\users\christon\downloads\projects\remote fan\remote fan\global(longway)\Remote Fan.c"
  23  0000              public _keyPressFlag
  23  0002              @BITDATASEC .section 'data'
  23  0001              _keyPressFlag	dbit 0
  23  0002              #pragma debug variable 2 1 _keyPressFlag "keyPressFlag"
  23  0002              
  23  0000              @HCCINIT .section 'data'
  23  0000              public _powerBtn
  23  0000              #line 23 "c:\users\christon\downloads\projects\remote fan\remote fan\global(longway)\Remote Fan.c"
  23  0002              @BITDATASEC .section 'data'
"File: Remote Fan.c  Assembler  Version HGASM0202      Page 19

  23  0001              _powerBtn	dbit 0
  23  0002              #pragma debug variable 2 1 _powerBtn "powerBtn"
  22  0002              #line 22 "c:\users\christon\downloads\projects\remote fan\remote fan\global(longway)\Remote Fan.c"
  22  0002              public _lastSpeed
  22  0000              @HCCINIT0_lastSpeed .section 'data'
  22  0000              _lastSpeed	db 0
  22  0001              #pragma debug variable 8 1 _lastSpeed "lastSpeed"
  22  0001              
  22  0000              @HCCINIT .section 'data'
  22  0000              #line 22 "c:\users\christon\downloads\projects\remote fan\remote fan\global(longway)\Remote Fan.c"
  22  0000              public _fanSpeed
  22  0000              @HCCINIT0_fanSpeed .section 'data'
  22  0000              _fanSpeed	db 0
  22  0001              #pragma debug variable 8 1 _fanSpeed "fanSpeed"
  22  0001              
  22  0000              @HCCINIT .section 'data'
  22  0000              public _a
  21  0000              #line 21 "c:\users\christon\downloads\projects\remote fan\remote fan\global(longway)\Remote Fan.c"
  21  0000              @HCCINIT_a .section 'data'
  21  0000              _a label byte
  21  0000              #pragma debug variable 8 1 _a "a"
  21  0000              	db 0
  21  000E              @ROMDATA_BASE .section inpage 'code'
  21  000E              	db 0
  21  0001              @HCCINIT_a .section 'data'
  21  0001              public _k
  16  0001              #line 16 "c:\users\christon\downloads\projects\remote fan\remote fan\global(longway)\Remote Fan.c"
  16  0000              @HCCINIT_k .section 'data'
  16  0000              _k label byte
  16  0000              #pragma debug variable 8 1 _k "k"
  16  0000              	db 0
  16  000F              @ROMDATA_BASE .section inpage 'code'
  16  000F              	db 0
  16  0001              @HCCINIT_k .section 'data'
  16  0001              public _ms400_temp
  16  0001              #line 16 "c:\users\christon\downloads\projects\remote fan\remote fan\global(longway)\Remote Fan.c"
  16  0000              @HCCINIT_ms400_temp .section 'data'
  16  0000              _ms400_temp label byte
  16  0000              #pragma debug variable 8 1 _ms400_temp "ms400_temp"
  16  0000              	db 0
  16  000F              @ROMDATA_BASE .section inpage 'code'
  16  000F              	db 0
  16  0001              @HCCINIT_ms400_temp .section 'data'
  16  0001              public _ms240_temp
  16  0001              #line 16 "c:\users\christon\downloads\projects\remote fan\remote fan\global(longway)\Remote Fan.c"
  16  0000              @HCCINIT_ms240_temp .section 'data'
  16  0000              _ms240_temp label byte
  16  0000              #pragma debug variable 8 1 _ms240_temp "ms240_temp"
  16  0000              	db 0
  16  0010              @ROMDATA_BASE .section inpage 'code'
  16  0010              	db 0
  16  0001              @HCCINIT_ms240_temp .section 'data'
  16  0001              public _sqwave
  16  0001              #line 16 "c:\users\christon\downloads\projects\remote fan\remote fan\global(longway)\Remote Fan.c"
  16  0000              @HCCINIT_sqwave .section 'data'
  16  0000              _sqwave label byte
  16  0000              #pragma debug variable 8 1 _sqwave "sqwave"
  16  0000              	db 0
  16  0010              @ROMDATA_BASE .section inpage 'code'
  16  0010              	db 0
"File: Remote Fan.c  Assembler  Version HGASM0202      Page 20

  16  0001              @HCCINIT_sqwave .section 'data'
  16  0001              #pragma debug struct_end
  16  0001              #pragma debug struct_end
  16  0001              #pragma debug union_end
  16  0001              #pragma debug union_end
  16  0001              #pragma debug variable 43 1 ___integ "__integ" 1
  16  0001              #pragma debug struct_end
  16  0001              #pragma debug struct_end
  16  0001              #pragma debug union_end
  16  0001              #pragma debug union_end
  16  0001              #pragma debug variable 45 1 ___intc0 "__intc0" 1
  16  0001              #pragma debug struct_end
  16  0001              #pragma debug struct_end
  16  0001              #pragma debug union_end
  16  0001              #pragma debug union_end
  16  0001              #pragma debug variable 47 1 ___intc1 "__intc1" 1
  16  0001              #pragma debug struct_end
  16  0001              #pragma debug struct_end
  16  0001              #pragma debug union_end
  16  0001              #pragma debug union_end
  16  0001              #pragma debug variable 49 1 ___intc2 "__intc2" 1
  16  0001              #pragma debug struct_end
  16  0001              #pragma debug struct_end
  16  0001              #pragma debug union_end
  16  0001              #pragma debug union_end
  16  0001              #pragma debug variable 51 1 ___pa "__pa" 1
  16  0001              #pragma debug struct_end
  16  0001              #pragma debug struct_end
  16  0001              #pragma debug union_end
  16  0001              #pragma debug union_end
  16  0001              #pragma debug variable 53 1 ___pac "__pac" 1
  16  0001              #pragma debug struct_end
  16  0001              #pragma debug struct_end
  16  0001              #pragma debug union_end
  16  0001              #pragma debug union_end
  16  0001              #pragma debug variable 55 1 ___lvdc "__lvdc" 1
  16  0001              #pragma debug struct_end
  16  0001              #pragma debug struct_end
  16  0001              #pragma debug union_end
  16  0001              #pragma debug union_end
  16  0001              #pragma debug variable 57 1 ___wdtc "__wdtc" 1
  16  0001              #pragma debug struct_end
  16  0001              #pragma debug struct_end
  16  0001              #pragma debug union_end
  16  0001              #pragma debug union_end
  16  0001              #pragma debug variable 59 1 ___tb0c "__tb0c" 1
  16  0001              #pragma debug struct_end
  16  0001              #pragma debug struct_end
  16  0001              #pragma debug union_end
  16  0001              #pragma debug union_end
  16  0001              #pragma debug variable 61 1 ___lvrc "__lvrc" 1
  16  0001              #pragma debug struct_end
  16  0001              #pragma debug struct_end
  16  0001              #pragma debug union_end
  16  0001              #pragma debug union_end
  16  0001              #pragma debug variable 63 1 ___sadc0 "__sadc0" 1
  16  0001              #pragma debug struct_end
  16  0001              #pragma debug struct_end
  16  0001              #pragma debug union_end
  16  0001              #pragma debug union_end
"File: Remote Fan.c  Assembler  Version HGASM0202      Page 21

  16  0001              #pragma debug variable 65 1 ___sadc1 "__sadc1" 1
  16  0001              #pragma debug struct_end
  16  0001              #pragma debug struct_end
  16  0001              #pragma debug union_end
  16  0001              #pragma debug union_end
  16  0001              #pragma debug variable 67 1 ___sadc2 "__sadc2" 1
  16  0001              #pragma debug struct_end
  16  0001              #pragma debug struct_end
  16  0001              #pragma debug union_end
  16  0001              #pragma debug union_end
  16  0001              #pragma debug variable 69 1 ___pb "__pb" 1
  16  0001              #pragma debug struct_end
  16  0001              #pragma debug struct_end
  16  0001              #pragma debug union_end
  16  0001              #pragma debug union_end
  16  0001              #pragma debug variable 71 1 ___pbc "__pbc" 1
  16  0001              #pragma debug struct_end
  16  0001              #pragma debug struct_end
  16  0001              #pragma debug union_end
  16  0001              #pragma debug union_end
  16  0001              #pragma debug variable 73 1 ___ctmc0 "__ctmc0" 1
  16  0001              #pragma debug struct_end
  16  0001              #pragma debug struct_end
  16  0001              #pragma debug union_end
  16  0001              #pragma debug union_end
  16  0001              #pragma debug variable 75 1 ___ctmc1 "__ctmc1" 1
  16  0001              #pragma debug variable 8 1 ___ctmal "__ctmal" 1
  16  0001              #pragma debug variable 8 1 ___ctmah "__ctmah" 1
  16  0001              #pragma debug struct_end
  16  0001              #pragma debug struct_end
  16  0001              #pragma debug union_end
  16  0001              #pragma debug union_end
  16  0001              #pragma debug variable 77 1 ___stmc0 "__stmc0" 1
  16  0001              #pragma debug struct_end
  16  0001              #pragma debug struct_end
  16  0001              #pragma debug union_end
  16  0001              #pragma debug union_end
  16  0001              #pragma debug variable 79 1 ___stmc1 "__stmc1" 1
  16  0001              #pragma debug variable 8 1 ___stmal "__stmal" 1
  16  0001              #pragma debug variable 8 1 ___stmah "__stmah" 1
  16  0001              #pragma debug struct_end
  16  0001              #pragma debug struct_end
  16  0001              #pragma debug union_end
  16  0001              #pragma debug union_end
  16  0001              #pragma debug variable 81 1 ___ptmc0 "__ptmc0" 1
  16  0001              #pragma debug struct_end
  16  0001              #pragma debug struct_end
  16  0001              #pragma debug union_end
  16  0001              #pragma debug union_end
  16  0001              #pragma debug variable 83 1 ___ptmc1 "__ptmc1" 1
  16  0001              #pragma debug variable 8 1 ___ptmal "__ptmal" 1
  16  0001              #pragma debug variable 8 1 ___ptmah "__ptmah" 1
  16  0001              #pragma debug struct_end
  16  0001              #pragma debug struct_end
  16  0001              #pragma debug union_end
  16  0001              #pragma debug union_end
  16  0001              #pragma debug variable 85 1 ___pc "__pc" 1
  16  0001              #pragma debug struct_end
  16  0001              #pragma debug struct_end
  16  0001              #pragma debug union_end
"File: Remote Fan.c  Assembler  Version HGASM0202      Page 22

  16  0001              #pragma debug union_end
  16  0001              #pragma debug variable 87 1 ___pcc "__pcc" 1
  16  0001              #pragma debug struct_end
  16  0001              #pragma debug struct_end
  16  0001              #pragma debug union_end
  16  0001              #pragma debug union_end
  16  0001              #pragma debug variable 89 1 ___mfi1 "__mfi1" 1
  16  0001              #pragma debug struct_end
  16  0001              #pragma debug struct_end
  16  0001              #pragma debug union_end
  16  0001              #pragma debug union_end
  16  0001              #pragma debug variable 91 1 ___sledc0 "__sledc0" 1
  16  0001              #pragma debug struct_end
  16  0001              #pragma debug struct_end
  16  0001              #pragma debug union_end
  16  0001              #pragma debug union_end
  16  0001              #pragma debug variable 93 1 ___sledc1 "__sledc1" 1
  16  0001              #pragma debug struct_end
  16  0001              #pragma debug struct_end
  16  0001              #pragma debug union_end
  16  0001              #pragma debug union_end
  16  0001              #pragma debug variable 95 1 ___ifs "__ifs" 1
  16  0001              #pragma debug struct_end
  16  0001              #pragma debug struct_end
  16  0001              #pragma debug union_end
  16  0001              #pragma debug union_end
  16  0001              #pragma debug variable 97 1 ___pdc "__pdc" 1
  16  0001              #pragma debug struct_end
  16  0001              #pragma debug struct_end
  16  0001              #pragma debug union_end
  16  0001              #pragma debug union_end
  16  0001              #pragma debug variable 99 1 ___ucr1 "__ucr1" 1
  16  0001              #pragma debug struct_end
  16  0001              #pragma debug struct_end
  16  0001              #pragma debug union_end
  16  0001              #pragma debug union_end
  16  0001              #pragma debug variable 101 1 ___ucr2 "__ucr2" 1
  16  0001              #pragma debug struct_end
  16  0001              #pragma debug struct_end
  16  0001              #pragma debug union_end
  16  0001              #pragma debug union_end
  16  0001              #pragma debug variable 103 1 ___brg "__brg" 1
  16  0001              #pragma debug struct_end
  16  0001              #pragma debug struct_end
  16  0001              #pragma debug union_end
  16  0001              #pragma debug union_end
  16  0001              #pragma debug variable 105 1 ___pas0 "__pas0" 1
  16  0001              #pragma debug struct_end
  16  0001              #pragma debug struct_end
  16  0001              #pragma debug union_end
  16  0001              #pragma debug union_end
  16  0001              #pragma debug variable 107 1 ___pbs0 "__pbs0" 1
  16  0001              #pragma debug struct_end
  16  0001              #pragma debug struct_end
  16  0001              #pragma debug union_end
  16  0001              #pragma debug union_end
  16  0001              #pragma debug variable 109 1 ___pcs0 "__pcs0" 1
  16  0001              #pragma debug struct_end
  16  0001              #pragma debug struct_end
  16  0001              #pragma debug union_end
"File: Remote Fan.c  Assembler  Version HGASM0202      Page 23

  16  0001              #pragma debug union_end
  16  0001              #pragma debug variable 111 1 ___psc0r "__psc0r" 1
  16  0001              #pragma debug struct_end
  16  0001              #pragma debug struct_end
  16  0001              #pragma debug union_end
  16  0001              #pragma debug union_end
  16  0001              #pragma debug variable 113 1 ___ucr3 "__ucr3" 1
  16  0001              
  16  0001              ; output external variables
  16  0001              extern _irData:byte
  16  0001              extern _toggle:byte
  16  0001              extern r1:byte
  16  0001              extern r2:byte
  43  0001              #line 43 "c:\users\christon\downloads\projects\remote fan\remote fan\global(longway)\Remote Fan.c"
  43  0000              @code .section at 0 'code'
  43  0000  2800     R  	jmp _main_startup1
  43  0001              
  43  0001              extern _EEReadChar:near
  43  0001              extern _builtin_holtek_udivmodqi4_2:byte
  43  0001              extern _builtin_holtek_udivmodqi4:near
  43  0001              extern _EEWriteChar_2:byte
  43  0001              extern _EEWriteChar:near
  43  0001              extern _writeDataFlashInt_2:byte
  43  0001              extern _writeDataFlashInt:near
  43  0001              extern _getIrRemotedata_2:byte
  43  0001              extern _getIrRemotedata:near
  43  0001              extern _irKeyProcess_2:byte
  43  0001              extern _irKeyProcess:near
  43  0001              extern _uart1_put_value_2:byte
  43  0001              extern _uart1_put_value:near
  43  0001              
  43  0001              ; 
  43  0001              ; Generated by holtek-gcc v3.19, Thu Dec 16 15:19:27 2021
  43  0001              ; Rebuild 718
  43  0001              ; end of file


        0 Errors, 0